2022-12-16 17:43:08,108 -SCRAPPY start-
2022-12-16 17:45:03,798 retrieved 1092 links
2022-12-16 17:45:03,798 Start Scraping
2022-12-16 17:45:03,926 Processed https://biz.heraldcorp.com/view.php?ud=20221216000537
2022-12-16 17:45:06,088 Processed https://biz.heraldcorp.com/view.php?ud=20221216000531
2022-12-16 17:45:08,228 Processed https://biz.heraldcorp.com/view.php?ud=20221216000509
2022-12-16 17:45:10,323 Processed https://biz.heraldcorp.com/view.php?ud=20221216000507
2022-12-16 17:45:12,492 Processed https://biz.heraldcorp.com/view.php?ud=20221216000505
2022-12-16 17:45:14,616 Processed https://biz.heraldcorp.com/view.php?ud=20221216000502
2022-12-16 17:45:16,812 Processed https://biz.heraldcorp.com/view.php?ud=20221216000501
2022-12-16 17:45:18,934 Processed https://biz.heraldcorp.com/view.php?ud=20221216000489
2022-12-16 17:45:21,081 Processed https://biz.heraldcorp.com/view.php?ud=20221216000487
2022-12-16 17:45:23,209 Processed https://biz.heraldcorp.com/view.php?ud=20221216000476
2022-12-16 17:45:25,331 Processed https://biz.heraldcorp.com/view.php?ud=20221216000537
2022-12-16 17:45:27,461 Processed https://biz.heraldcorp.com/view.php?ud=20221216000471
2022-12-16 17:45:29,637 Processed https://biz.heraldcorp.com/view.php?ud=20221216000472
2022-12-16 17:45:31,724 Processed https://biz.heraldcorp.com/view.php?ud=20221216000470
2022-12-16 17:45:33,852 Processed https://biz.heraldcorp.com/view.php?ud=20221216000462
2022-12-16 17:45:36,030 Processed https://biz.heraldcorp.com/view.php?ud=20221216000459
2022-12-16 17:45:38,173 Processed https://biz.heraldcorp.com/view.php?ud=20221216000458
2022-12-16 17:45:40,337 Processed https://biz.heraldcorp.com/view.php?ud=20221216000457
2022-12-16 17:45:42,466 Processed https://biz.heraldcorp.com/view.php?ud=20221216000452
2022-12-16 17:45:44,596 Processed https://biz.heraldcorp.com/view.php?ud=20221216000443
2022-12-16 17:45:46,738 Processed https://biz.heraldcorp.com/view.php?ud=20221216000437
2022-12-16 17:45:48,873 Processed https://biz.heraldcorp.com/view.php?ud=20221216000537
2022-12-16 17:45:51,017 Processed https://biz.heraldcorp.com/view.php?ud=20221216000427
2022-12-16 17:45:53,163 Processed https://biz.heraldcorp.com/view.php?ud=20221216000426
2022-12-16 17:45:55,310 Processed https://biz.heraldcorp.com/view.php?ud=20221216000423
2022-12-16 17:45:57,489 Processed https://biz.heraldcorp.com/view.php?ud=20221216000422
2022-12-16 17:45:59,625 Processed https://biz.heraldcorp.com/view.php?ud=20221216000420
2022-12-16 17:46:01,720 Processed https://biz.heraldcorp.com/view.php?ud=20221216000419
2022-12-16 17:46:03,859 Processed https://biz.heraldcorp.com/view.php?ud=20221216000418
2022-12-16 17:46:05,978 Processed https://biz.heraldcorp.com/view.php?ud=20221216000417
2022-12-16 17:46:08,105 Processed https://biz.heraldcorp.com/view.php?ud=20221216000414
2022-12-16 17:46:10,294 Processed https://biz.heraldcorp.com/view.php?ud=20221216000388
2022-12-16 17:46:12,461 Processed https://biz.heraldcorp.com/view.php?ud=20221216000537
2022-12-16 17:46:14,606 Processed https://biz.heraldcorp.com/view.php?ud=20221216000337
2022-12-16 17:46:16,685 Processed https://biz.heraldcorp.com/view.php?ud=20221216000336
2022-12-16 17:46:18,825 Processed https://biz.heraldcorp.com/view.php?ud=20221216000324
2022-12-16 17:46:20,902 Processed https://biz.heraldcorp.com/view.php?ud=20221216000325
2022-12-16 17:46:22,981 Processed https://biz.heraldcorp.com/view.php?ud=20221216000323
2022-12-16 17:46:25,059 Processed https://biz.heraldcorp.com/view.php?ud=20221216000307
2022-12-16 17:46:27,144 Processed https://biz.heraldcorp.com/view.php?ud=20221216000306
2022-12-16 17:46:29,306 Processed https://biz.heraldcorp.com/view.php?ud=20221216000295
2022-12-16 17:46:31,464 Processed https://biz.heraldcorp.com/view.php?ud=20221216000275
2022-12-16 17:46:33,572 Processed https://biz.heraldcorp.com/view.php?ud=20221216000192
2022-12-16 17:46:35,722 Processed https://biz.heraldcorp.com/view.php?ud=20221216000537
2022-12-16 17:46:37,908 Processed https://biz.heraldcorp.com/view.php?ud=20221216000190
2022-12-16 17:46:40,080 Processed https://biz.heraldcorp.com/view.php?ud=20221216000179
2022-12-16 17:46:42,197 Processed https://biz.heraldcorp.com/view.php?ud=20221216000171
2022-12-16 17:46:44,381 Processed https://biz.heraldcorp.com/view.php?ud=20221216000149
2022-12-16 17:46:46,475 Processed https://biz.heraldcorp.com/view.php?ud=20221216000094
2022-12-16 17:46:48,654 Processed https://biz.heraldcorp.com/view.php?ud=20221216000072
2022-12-16 17:46:50,855 Processed https://biz.heraldcorp.com/view.php?ud=20221216000050
2022-12-16 17:46:53,009 Processed https://biz.heraldcorp.com/view.php?ud=20221216000046
2022-12-16 17:46:55,117 Processed https://biz.heraldcorp.com/view.php?ud=20221216000044
2022-12-16 17:46:57,310 Processed https://biz.heraldcorp.com/view.php?ud=20221216000031
2022-12-16 17:46:59,428 Processed https://biz.heraldcorp.com/view.php?ud=20221216000537
2022-12-16 17:47:01,595 Processed https://biz.heraldcorp.com/view.php?ud=20221216000029
2022-12-16 17:47:03,754 Processed https://biz.heraldcorp.com/view.php?ud=20221216000027
2022-12-16 17:47:05,856 Processed https://biz.heraldcorp.com/view.php?ud=20221216000022
2022-12-16 17:47:07,918 Processed https://biz.heraldcorp.com/view.php?ud=20221216000021
2022-12-16 17:47:10,081 Processed https://biz.heraldcorp.com/view.php?ud=20221216000019
2022-12-16 17:47:12,174 Processed https://biz.heraldcorp.com/view.php?ud=20221216000017
2022-12-16 17:47:14,301 Processed https://biz.heraldcorp.com/view.php?ud=20221216000016
2022-12-16 17:47:16,391 Processed https://biz.heraldcorp.com/view.php?ud=20221216000014
2022-12-16 17:47:18,450 Processed https://biz.heraldcorp.com/view.php?ud=20221216000013
2022-12-16 17:47:20,514 Processed https://biz.heraldcorp.com/view.php?ud=20221215000761
2022-12-16 17:47:22,670 Processed https://biz.heraldcorp.com/view.php?ud=20221216000537
2022-12-16 17:47:24,845 Processed https://biz.heraldcorp.com/view.php?ud=20221215000731
2022-12-16 17:47:26,960 Processed https://biz.heraldcorp.com/view.php?ud=20221215000730
2022-12-16 17:47:29,152 Processed https://biz.heraldcorp.com/view.php?ud=20221215000729
2022-12-16 17:47:31,326 Processed https://biz.heraldcorp.com/view.php?ud=20221215000714
2022-12-16 17:47:33,489 Processed https://biz.heraldcorp.com/view.php?ud=20221215000713
2022-12-16 17:47:35,643 Processed https://biz.heraldcorp.com/view.php?ud=20221215000712
2022-12-16 17:47:37,805 Processed https://biz.heraldcorp.com/view.php?ud=20221215000710
2022-12-16 17:47:39,929 Processed https://biz.heraldcorp.com/view.php?ud=20221215000703
2022-12-16 17:47:42,084 Processed https://biz.heraldcorp.com/view.php?ud=20221215000702
2022-12-16 17:47:44,199 Processed https://biz.heraldcorp.com/view.php?ud=20221215000697
2022-12-16 17:47:46,340 Processed https://biz.heraldcorp.com/view.php?ud=20221216000537
2022-12-16 17:47:48,509 Processed https://biz.heraldcorp.com/view.php?ud=20221215000696
2022-12-16 17:47:50,694 Processed https://biz.heraldcorp.com/view.php?ud=20221215000695
2022-12-16 17:47:52,856 Processed https://biz.heraldcorp.com/view.php?ud=20221215000692
2022-12-16 17:47:55,012 Processed https://biz.heraldcorp.com/view.php?ud=20221215000650
2022-12-16 17:47:57,184 Processed https://biz.heraldcorp.com/view.php?ud=20221215000648
2022-12-16 17:47:59,339 Processed https://biz.heraldcorp.com/view.php?ud=20221215000636
2022-12-16 17:48:01,520 Processed https://biz.heraldcorp.com/view.php?ud=20221215000627
2022-12-16 17:48:03,662 Processed https://biz.heraldcorp.com/view.php?ud=20221215000618
2022-12-16 17:48:05,788 Processed https://biz.heraldcorp.com/view.php?ud=20221215000614
2022-12-16 17:48:07,942 Processed https://biz.heraldcorp.com/view.php?ud=20221215000612
2022-12-16 17:48:10,073 Processed https://biz.heraldcorp.com/view.php?ud=20221216000537
2022-12-16 17:48:12,189 Processed https://biz.heraldcorp.com/view.php?ud=20221215000605
2022-12-16 17:48:14,342 Processed https://biz.heraldcorp.com/view.php?ud=20221215000597
2022-12-16 17:48:16,468 Processed https://biz.heraldcorp.com/view.php?ud=20221215000595
2022-12-16 17:48:18,639 Processed https://biz.heraldcorp.com/view.php?ud=20221215000589
2022-12-16 17:48:20,847 Processed https://biz.heraldcorp.com/view.php?ud=20221215000591
2022-12-16 17:48:22,996 Processed https://biz.heraldcorp.com/view.php?ud=20221215000588
2022-12-16 17:48:25,145 Processed https://biz.heraldcorp.com/view.php?ud=20221215000587
2022-12-16 17:48:27,370 Processed https://biz.heraldcorp.com/view.php?ud=20221215000585
2022-12-16 17:48:29,510 Processed https://biz.heraldcorp.com/view.php?ud=20221215000583
2022-12-16 17:48:31,665 Processed https://biz.heraldcorp.com/view.php?ud=20221215000582
2022-12-16 17:48:33,862 Processed https://biz.heraldcorp.com/view.php?ud=20221216000537
2022-12-16 17:48:36,019 Processed https://biz.heraldcorp.com/view.php?ud=20221215000580
2022-12-16 17:48:38,147 Processed https://biz.heraldcorp.com/view.php?ud=20221215000574
2022-12-16 17:48:40,266 Processed https://biz.heraldcorp.com/view.php?ud=20221215000571
2022-12-16 17:48:42,437 Processed https://biz.heraldcorp.com/view.php?ud=20221215000567
2022-12-16 17:48:44,580 Processed https://biz.heraldcorp.com/view.php?ud=20221215000564
2022-12-16 17:48:46,742 Processed https://biz.heraldcorp.com/view.php?ud=20221215000557
2022-12-16 17:48:48,869 Processed https://biz.heraldcorp.com/view.php?ud=20221215000551
2022-12-16 17:48:51,026 Processed https://biz.heraldcorp.com/view.php?ud=20221215000550
2022-12-16 17:48:53,172 Processed https://biz.heraldcorp.com/view.php?ud=20221215000547
2022-12-16 17:48:55,337 Processed https://biz.heraldcorp.com/view.php?ud=20221215000539
2022-12-16 17:48:57,488 Processed https://biz.heraldcorp.com/view.php?ud=20221216000539
2022-12-16 17:48:59,592 Processed https://biz.heraldcorp.com/view.php?ud=20221216000534
2022-12-16 17:49:01,692 Processed https://biz.heraldcorp.com/view.php?ud=20221216000523
2022-12-16 17:49:03,825 Processed https://biz.heraldcorp.com/view.php?ud=20221216000516
2022-12-16 17:49:05,979 Processed https://biz.heraldcorp.com/view.php?ud=20221216000512
2022-12-16 17:49:08,114 Processed https://biz.heraldcorp.com/view.php?ud=20221216000508
2022-12-16 17:49:10,285 Processed https://biz.heraldcorp.com/view.php?ud=20221216000499
2022-12-16 17:49:12,398 Processed https://biz.heraldcorp.com/view.php?ud=20221216000494
2022-12-16 17:49:14,555 Processed https://biz.heraldcorp.com/view.php?ud=20221216000493
2022-12-16 17:49:16,719 Processed https://biz.heraldcorp.com/view.php?ud=20221216000484
2022-12-16 17:49:18,889 Processed https://biz.heraldcorp.com/view.php?ud=20221216000539
2022-12-16 17:49:21,023 Processed https://biz.heraldcorp.com/view.php?ud=20221216000474
2022-12-16 17:49:23,194 Processed https://biz.heraldcorp.com/view.php?ud=20221216000473
2022-12-16 17:49:25,374 Processed https://biz.heraldcorp.com/view.php?ud=20221216000466
2022-12-16 17:49:27,532 Processed https://biz.heraldcorp.com/view.php?ud=20221216000453
2022-12-16 17:49:29,711 Processed https://biz.heraldcorp.com/view.php?ud=20221216000448
2022-12-16 17:49:31,837 Processed https://biz.heraldcorp.com/view.php?ud=20221216000444
2022-12-16 17:49:33,951 Processed https://biz.heraldcorp.com/view.php?ud=20221216000440
2022-12-16 17:49:36,124 Processed https://biz.heraldcorp.com/view.php?ud=20221216000439
2022-12-16 17:49:38,268 Processed https://biz.heraldcorp.com/view.php?ud=20221216000438
2022-12-16 17:49:40,417 Processed https://biz.heraldcorp.com/view.php?ud=20221216000435
2022-12-16 17:49:42,556 Processed https://biz.heraldcorp.com/view.php?ud=20221216000539
2022-12-16 17:49:44,712 Processed https://biz.heraldcorp.com/view.php?ud=20221216000431
2022-12-16 17:49:46,871 Processed https://biz.heraldcorp.com/view.php?ud=20221216000429
2022-12-16 17:49:49,055 Processed https://biz.heraldcorp.com/view.php?ud=20221216000391
2022-12-16 17:49:51,195 Processed https://biz.heraldcorp.com/view.php?ud=20221216000386
2022-12-16 17:49:53,371 Processed https://biz.heraldcorp.com/view.php?ud=20221216000383
2022-12-16 17:49:55,529 Processed https://biz.heraldcorp.com/view.php?ud=20221216000369
2022-12-16 17:49:57,686 Processed https://biz.heraldcorp.com/view.php?ud=20221216000368
2022-12-16 17:49:59,830 Processed https://biz.heraldcorp.com/view.php?ud=20221216000350
2022-12-16 17:50:01,977 Processed https://biz.heraldcorp.com/view.php?ud=20221216000349
2022-12-16 17:50:04,123 Processed https://biz.heraldcorp.com/view.php?ud=20221216000347
2022-12-16 17:50:06,269 Processed https://biz.heraldcorp.com/view.php?ud=20221216000539
2022-12-16 17:50:08,419 Processed https://biz.heraldcorp.com/view.php?ud=20221216000348
2022-12-16 17:50:10,585 Processed https://biz.heraldcorp.com/view.php?ud=20221216000341
2022-12-16 17:50:12,742 Processed https://biz.heraldcorp.com/view.php?ud=20221216000338
2022-12-16 17:50:14,900 Processed https://biz.heraldcorp.com/view.php?ud=20221216000335
2022-12-16 17:50:17,035 Processed https://biz.heraldcorp.com/view.php?ud=20221216000334
2022-12-16 17:50:19,185 Processed https://biz.heraldcorp.com/view.php?ud=20221216000320
2022-12-16 17:50:21,340 Processed https://biz.heraldcorp.com/view.php?ud=20221216000322
2022-12-16 17:50:23,501 Processed https://biz.heraldcorp.com/view.php?ud=20221216000321
2022-12-16 17:50:25,634 Processed https://biz.heraldcorp.com/view.php?ud=20221216000312
2022-12-16 17:50:27,798 Processed https://biz.heraldcorp.com/view.php?ud=20221216000313
2022-12-16 17:50:29,959 Processed https://biz.heraldcorp.com/view.php?ud=20221216000539
2022-12-16 17:50:32,124 Processed https://biz.heraldcorp.com/view.php?ud=20221216000310
2022-12-16 17:50:34,283 Processed https://biz.heraldcorp.com/view.php?ud=20221216000311
2022-12-16 17:50:36,482 Processed https://biz.heraldcorp.com/view.php?ud=20221216000302
2022-12-16 17:50:38,646 Processed https://biz.heraldcorp.com/view.php?ud=20221216000303
2022-12-16 17:50:40,817 Processed https://biz.heraldcorp.com/view.php?ud=20221216000305
2022-12-16 17:50:43,001 Processed https://biz.heraldcorp.com/view.php?ud=20221216000301
2022-12-16 17:50:45,169 Processed https://biz.heraldcorp.com/view.php?ud=20221216000304
2022-12-16 17:50:47,331 Processed https://biz.heraldcorp.com/view.php?ud=20221216000300
2022-12-16 17:50:49,508 Processed https://biz.heraldcorp.com/view.php?ud=20221216000276
2022-12-16 17:50:51,649 Processed https://biz.heraldcorp.com/view.php?ud=20221216000274
2022-12-16 17:50:53,826 Processed https://biz.heraldcorp.com/view.php?ud=20221216000539
2022-12-16 17:50:55,979 Processed https://biz.heraldcorp.com/view.php?ud=20221216000267
2022-12-16 17:50:58,109 Processed https://biz.heraldcorp.com/view.php?ud=20221216000250
2022-12-16 17:51:00,233 Processed https://biz.heraldcorp.com/view.php?ud=20221216000249
2022-12-16 17:51:02,374 Processed https://biz.heraldcorp.com/view.php?ud=20221216000245
2022-12-16 17:51:04,529 Processed https://biz.heraldcorp.com/view.php?ud=20221216000239
2022-12-16 17:51:06,659 Processed https://biz.heraldcorp.com/view.php?ud=20221216000225
2022-12-16 17:51:08,803 Processed https://biz.heraldcorp.com/view.php?ud=20221216000221
2022-12-16 17:51:10,943 Processed https://biz.heraldcorp.com/view.php?ud=20221216000220
2022-12-16 17:51:13,119 Processed https://biz.heraldcorp.com/view.php?ud=20221216000210
2022-12-16 17:51:15,205 Processed https://biz.heraldcorp.com/view.php?ud=20221216000211
2022-12-16 17:51:17,367 Processed https://biz.heraldcorp.com/view.php?ud=20221216000539
2022-12-16 17:51:19,524 Processed https://biz.heraldcorp.com/view.php?ud=20221216000207
2022-12-16 17:51:21,708 Processed https://biz.heraldcorp.com/view.php?ud=20221216000206
2022-12-16 17:51:23,881 Processed https://biz.heraldcorp.com/view.php?ud=20221216000196
2022-12-16 17:51:25,999 Processed https://biz.heraldcorp.com/view.php?ud=20221216000188
2022-12-16 17:51:28,127 Processed https://biz.heraldcorp.com/view.php?ud=20221216000186
2022-12-16 17:51:30,276 Processed https://biz.heraldcorp.com/view.php?ud=20221216000185
2022-12-16 17:51:32,444 Processed https://biz.heraldcorp.com/view.php?ud=20221216000183
2022-12-16 17:51:34,575 Processed https://biz.heraldcorp.com/view.php?ud=20221216000180
2022-12-16 17:51:36,671 Processed https://biz.heraldcorp.com/view.php?ud=20221216000168
2022-12-16 17:51:38,772 Processed https://biz.heraldcorp.com/view.php?ud=20221216000167
2022-12-16 17:51:40,853 Processed https://biz.heraldcorp.com/view.php?ud=20221216000539
2022-12-16 17:51:42,977 Processed https://biz.heraldcorp.com/view.php?ud=20221216000160
2022-12-16 17:51:45,117 Processed https://biz.heraldcorp.com/view.php?ud=20221216000159
2022-12-16 17:51:47,260 Processed https://biz.heraldcorp.com/view.php?ud=20221216000157
2022-12-16 17:51:49,480 Processed https://biz.heraldcorp.com/view.php?ud=20221216000150
2022-12-16 17:51:51,636 Processed https://biz.heraldcorp.com/view.php?ud=20221216000153
2022-12-16 17:51:53,747 Processed https://biz.heraldcorp.com/view.php?ud=20221216000148
2022-12-16 17:51:55,856 Processed https://biz.heraldcorp.com/view.php?ud=20221216000147
2022-12-16 17:51:58,028 Processed https://biz.heraldcorp.com/view.php?ud=20221216000145
2022-12-16 17:52:00,164 Processed https://biz.heraldcorp.com/view.php?ud=20221216000144
2022-12-16 17:52:02,265 Processed https://biz.heraldcorp.com/view.php?ud=20221216000143
2022-12-16 17:52:04,365 Processed https://biz.heraldcorp.com/view.php?ud=20221216000539
2022-12-16 17:52:06,518 Processed https://biz.heraldcorp.com/view.php?ud=20221216000118
2022-12-16 17:52:08,659 Processed https://biz.heraldcorp.com/view.php?ud=20221216000116
2022-12-16 17:52:10,744 Processed https://biz.heraldcorp.com/view.php?ud=20221216000114
2022-12-16 17:52:12,874 Processed https://biz.heraldcorp.com/view.php?ud=20221216000108
2022-12-16 17:52:14,977 Processed https://biz.heraldcorp.com/view.php?ud=20221216000107
2022-12-16 17:52:17,106 Processed https://biz.heraldcorp.com/view.php?ud=20221216000106
2022-12-16 17:52:19,292 Processed https://biz.heraldcorp.com/view.php?ud=20221216000103
2022-12-16 17:52:21,445 Processed https://biz.heraldcorp.com/view.php?ud=20221216000099
2022-12-16 17:52:23,568 Processed https://biz.heraldcorp.com/view.php?ud=20221216000096
2022-12-16 17:52:25,690 Processed https://biz.heraldcorp.com/view.php?ud=20221216000084
2022-12-16 17:52:27,838 Processed https://biz.heraldcorp.com/view.php?ud=20221216000539
2022-12-16 17:52:30,006 Processed https://biz.heraldcorp.com/view.php?ud=20221216000083
2022-12-16 17:52:32,135 Processed https://biz.heraldcorp.com/view.php?ud=20221216000079
2022-12-16 17:52:34,237 Processed https://biz.heraldcorp.com/view.php?ud=20221216000078
2022-12-16 17:52:36,396 Processed https://biz.heraldcorp.com/view.php?ud=20221216000076
2022-12-16 17:52:38,568 Processed https://biz.heraldcorp.com/view.php?ud=20221216000060
2022-12-16 17:52:40,726 Processed https://biz.heraldcorp.com/view.php?ud=20221216000059
2022-12-16 17:52:42,907 Processed https://biz.heraldcorp.com/view.php?ud=20221216000055
2022-12-16 17:52:45,078 Processed https://biz.heraldcorp.com/view.php?ud=20221216000051
2022-12-16 17:52:47,205 Processed https://biz.heraldcorp.com/view.php?ud=20221216000041
2022-12-16 17:52:49,335 Processed https://biz.heraldcorp.com/view.php?ud=20221216000038
2022-12-16 17:52:51,489 Processed https://biz.heraldcorp.com/view.php?ud=20221216000517
2022-12-16 17:52:53,643 Processed https://biz.heraldcorp.com/view.php?ud=20221216000513
2022-12-16 17:52:55,791 Processed https://biz.heraldcorp.com/view.php?ud=20221216000511
2022-12-16 17:52:57,985 Processed https://biz.heraldcorp.com/view.php?ud=20221216000510
2022-12-16 17:53:00,175 Processed https://biz.heraldcorp.com/view.php?ud=20221216000497
2022-12-16 17:53:02,336 Processed https://biz.heraldcorp.com/view.php?ud=20221216000496
2022-12-16 17:53:04,504 Processed https://biz.heraldcorp.com/view.php?ud=20221216000478
2022-12-16 17:53:06,633 Processed https://biz.heraldcorp.com/view.php?ud=20221216000465
2022-12-16 17:53:08,743 Processed https://biz.heraldcorp.com/view.php?ud=20221216000464
2022-12-16 17:53:10,907 Processed https://biz.heraldcorp.com/view.php?ud=20221216000463
2022-12-16 17:53:13,060 Processed https://biz.heraldcorp.com/view.php?ud=20221216000517
2022-12-16 17:53:15,201 Processed https://biz.heraldcorp.com/view.php?ud=20221216000447
2022-12-16 17:53:17,329 Processed https://biz.heraldcorp.com/view.php?ud=20221216000446
2022-12-16 17:53:19,474 Processed https://biz.heraldcorp.com/view.php?ud=20221216000442
2022-12-16 17:53:21,625 Processed https://biz.heraldcorp.com/view.php?ud=20221216000441
2022-12-16 17:53:23,783 Processed https://biz.heraldcorp.com/view.php?ud=20221216000434
2022-12-16 17:53:25,910 Processed https://biz.heraldcorp.com/view.php?ud=20221216000433
2022-12-16 17:53:28,080 Processed https://biz.heraldcorp.com/view.php?ud=20221216000430
2022-12-16 17:53:30,263 Processed https://biz.heraldcorp.com/view.php?ud=20221216000424
2022-12-16 17:53:32,441 Processed https://biz.heraldcorp.com/view.php?ud=20221216000415
2022-12-16 17:53:34,613 Processed https://biz.heraldcorp.com/view.php?ud=20221216000413
2022-12-16 17:53:36,777 Processed https://biz.heraldcorp.com/view.php?ud=20221216000517
2022-12-16 17:53:38,944 Processed https://biz.heraldcorp.com/view.php?ud=20221216000411
2022-12-16 17:53:41,094 Processed https://biz.heraldcorp.com/view.php?ud=20221216000406
2022-12-16 17:53:43,253 Processed https://biz.heraldcorp.com/view.php?ud=20221216000403
2022-12-16 17:53:45,386 Processed https://biz.heraldcorp.com/view.php?ud=20221216000402
2022-12-16 17:53:47,532 Processed https://biz.heraldcorp.com/view.php?ud=20221216000398
2022-12-16 17:53:49,687 Processed https://biz.heraldcorp.com/view.php?ud=20221216000387
2022-12-16 17:53:51,875 Processed https://biz.heraldcorp.com/view.php?ud=20221216000376
2022-12-16 17:53:54,062 Processed https://biz.heraldcorp.com/view.php?ud=20221216000374
2022-12-16 17:53:56,182 Processed https://biz.heraldcorp.com/view.php?ud=20221216000357
2022-12-16 17:53:58,281 Processed https://biz.heraldcorp.com/view.php?ud=20221216000358
2022-12-16 17:54:00,422 Processed https://biz.heraldcorp.com/view.php?ud=20221216000517
2022-12-16 17:54:02,566 Processed https://biz.heraldcorp.com/view.php?ud=20221216000359
2022-12-16 17:54:04,739 Processed https://biz.heraldcorp.com/view.php?ud=20221216000355
2022-12-16 17:54:06,874 Processed https://biz.heraldcorp.com/view.php?ud=20221216000354
2022-12-16 17:54:09,014 Processed https://biz.heraldcorp.com/view.php?ud=20221216000315
2022-12-16 17:54:11,167 Processed https://biz.heraldcorp.com/view.php?ud=20221216000314
2022-12-16 17:54:13,296 Processed https://biz.heraldcorp.com/view.php?ud=20221216000308
2022-12-16 17:54:15,434 Processed https://biz.heraldcorp.com/view.php?ud=20221216000294
2022-12-16 17:54:17,584 Processed https://biz.heraldcorp.com/view.php?ud=20221216000246
2022-12-16 17:54:19,742 Processed https://biz.heraldcorp.com/view.php?ud=20221216000223
2022-12-16 17:54:21,897 Processed https://biz.heraldcorp.com/view.php?ud=20221216000219
2022-12-16 17:54:24,064 Processed https://biz.heraldcorp.com/view.php?ud=20221216000517
2022-12-16 17:54:26,184 Processed https://biz.heraldcorp.com/view.php?ud=20221216000205
2022-12-16 17:54:28,295 Processed https://biz.heraldcorp.com/view.php?ud=20221216000204
2022-12-16 17:54:30,489 Processed https://biz.heraldcorp.com/view.php?ud=20221216000197
2022-12-16 17:54:32,619 Processed https://biz.heraldcorp.com/view.php?ud=20221216000195
2022-12-16 17:54:34,764 Processed https://biz.heraldcorp.com/view.php?ud=20221216000191
2022-12-16 17:54:36,927 Processed https://biz.heraldcorp.com/view.php?ud=20221216000189
2022-12-16 17:54:39,101 Processed https://biz.heraldcorp.com/view.php?ud=20221216000184
2022-12-16 17:54:41,273 Processed https://biz.heraldcorp.com/view.php?ud=20221216000182
2022-12-16 17:54:43,457 Processed https://biz.heraldcorp.com/view.php?ud=20221216000178
2022-12-16 17:54:45,593 Processed https://biz.heraldcorp.com/view.php?ud=20221216000174
2022-12-16 17:54:47,754 Processed https://biz.heraldcorp.com/view.php?ud=20221216000517
2022-12-16 17:54:49,917 Processed https://biz.heraldcorp.com/view.php?ud=20221216000170
2022-12-16 17:54:52,095 Processed https://biz.heraldcorp.com/view.php?ud=20221216000154
2022-12-16 17:54:54,297 Processed https://biz.heraldcorp.com/view.php?ud=20221216000136
2022-12-16 17:54:56,433 Processed https://biz.heraldcorp.com/view.php?ud=20221216000134
2022-12-16 17:54:58,526 Processed https://biz.heraldcorp.com/view.php?ud=20221216000127
2022-12-16 17:55:00,698 Processed https://biz.heraldcorp.com/view.php?ud=20221216000093
2022-12-16 17:55:02,840 Processed https://biz.heraldcorp.com/view.php?ud=20221216000091
2022-12-16 17:55:04,970 Processed https://biz.heraldcorp.com/view.php?ud=20221216000089
2022-12-16 17:55:07,124 Processed https://biz.heraldcorp.com/view.php?ud=20221216000081
2022-12-16 17:55:09,225 Processed https://biz.heraldcorp.com/view.php?ud=20221216000077
2022-12-16 17:55:11,356 Processed https://biz.heraldcorp.com/view.php?ud=20221216000517
2022-12-16 17:55:13,511 Processed https://biz.heraldcorp.com/view.php?ud=20221216000070
2022-12-16 17:55:15,676 Processed https://biz.heraldcorp.com/view.php?ud=20221216000068
2022-12-16 17:55:17,855 Processed https://biz.heraldcorp.com/view.php?ud=20221216000065
2022-12-16 17:55:20,020 Processed https://biz.heraldcorp.com/view.php?ud=20221216000064
2022-12-16 17:55:22,185 Processed https://biz.heraldcorp.com/view.php?ud=20221216000061
2022-12-16 17:55:24,379 Processed https://biz.heraldcorp.com/view.php?ud=20221216000048
2022-12-16 17:55:26,502 Processed https://biz.heraldcorp.com/view.php?ud=20221216000047
2022-12-16 17:55:28,650 Processed https://biz.heraldcorp.com/view.php?ud=20221216000045
2022-12-16 17:55:30,840 Processed https://biz.heraldcorp.com/view.php?ud=20221216000043
2022-12-16 17:55:32,984 Processed https://biz.heraldcorp.com/view.php?ud=20221216000042
2022-12-16 17:55:35,127 Processed https://biz.heraldcorp.com/view.php?ud=20221216000517
2022-12-16 17:55:37,293 Processed https://biz.heraldcorp.com/view.php?ud=20221216000040
2022-12-16 17:55:39,484 Processed https://biz.heraldcorp.com/view.php?ud=20221216000036
2022-12-16 17:55:41,648 Processed https://biz.heraldcorp.com/view.php?ud=20221216000035
2022-12-16 17:55:43,806 Processed https://biz.heraldcorp.com/view.php?ud=20221216000026
2022-12-16 17:55:45,951 Processed https://biz.heraldcorp.com/view.php?ud=20221216000024
2022-12-16 17:55:48,101 Processed https://biz.heraldcorp.com/view.php?ud=20221216000015
2022-12-16 17:55:50,267 Processed https://biz.heraldcorp.com/view.php?ud=20221215000769
2022-12-16 17:55:52,459 Processed https://biz.heraldcorp.com/view.php?ud=20221215000768
2022-12-16 17:55:54,589 Processed https://biz.heraldcorp.com/view.php?ud=20221215000767
2022-12-16 17:55:56,734 Processed https://biz.heraldcorp.com/view.php?ud=20221215000764
2022-12-16 17:55:58,897 Processed https://biz.heraldcorp.com/view.php?ud=20221216000517
2022-12-16 17:56:01,067 Processed https://biz.heraldcorp.com/view.php?ud=20221215000763
2022-12-16 17:56:03,234 Processed https://biz.heraldcorp.com/view.php?ud=20221215000760
2022-12-16 17:56:05,395 Processed https://biz.heraldcorp.com/view.php?ud=20221215000756
2022-12-16 17:56:07,550 Processed https://biz.heraldcorp.com/view.php?ud=20221215000719
2022-12-16 17:56:09,670 Processed https://biz.heraldcorp.com/view.php?ud=20221215000718
2022-12-16 17:56:11,778 Processed https://biz.heraldcorp.com/view.php?ud=20221215000717
2022-12-16 17:56:13,943 Processed https://biz.heraldcorp.com/view.php?ud=20221215000701
2022-12-16 17:56:16,100 Processed https://biz.heraldcorp.com/view.php?ud=20221215000700
2022-12-16 17:56:18,278 Processed https://biz.heraldcorp.com/view.php?ud=20221215000698
2022-12-16 17:56:20,411 Processed https://biz.heraldcorp.com/view.php?ud=20221215000691
2022-12-16 17:56:22,566 Processed https://biz.heraldcorp.com/view.php?ud=20221216000517
2022-12-16 17:56:24,729 Processed https://biz.heraldcorp.com/view.php?ud=20221215000689
2022-12-16 17:56:26,918 Processed https://biz.heraldcorp.com/view.php?ud=20221215000688
2022-12-16 17:56:29,075 Processed https://biz.heraldcorp.com/view.php?ud=20221215000687
2022-12-16 17:56:31,236 Processed https://biz.heraldcorp.com/view.php?ud=20221215000686
2022-12-16 17:56:33,352 Processed https://biz.heraldcorp.com/view.php?ud=20221215000685
2022-12-16 17:56:35,500 Processed https://biz.heraldcorp.com/view.php?ud=20221215000684
2022-12-16 17:56:37,626 Processed https://biz.heraldcorp.com/view.php?ud=20221215000683
2022-12-16 17:56:39,760 Processed https://biz.heraldcorp.com/view.php?ud=20221215000682
2022-12-16 17:56:41,933 Processed https://biz.heraldcorp.com/view.php?ud=20221215000680
2022-12-16 17:56:44,053 Processed https://biz.heraldcorp.com/view.php?ud=20221215000679
2022-12-16 17:56:46,201 Processed https://biz.heraldcorp.com/view.php?ud=20221216000506
2022-12-16 17:56:48,374 Processed https://biz.heraldcorp.com/view.php?ud=20221216000486
2022-12-16 17:56:50,522 Processed https://biz.heraldcorp.com/view.php?ud=20221216000480
2022-12-16 17:56:52,641 Processed https://biz.heraldcorp.com/view.php?ud=20221216000461
2022-12-16 17:56:54,780 Processed https://biz.heraldcorp.com/view.php?ud=20221216000456
2022-12-16 17:56:56,936 Processed https://biz.heraldcorp.com/view.php?ud=20221216000445
2022-12-16 17:56:59,114 Processed https://biz.heraldcorp.com/view.php?ud=20221216000425
2022-12-16 17:57:01,209 Processed https://biz.heraldcorp.com/view.php?ud=20221216000405
2022-12-16 17:57:03,333 Processed https://biz.heraldcorp.com/view.php?ud=20221216000385
2022-12-16 17:57:05,445 Processed https://biz.heraldcorp.com/view.php?ud=20221216000379
2022-12-16 17:57:07,546 Processed https://biz.heraldcorp.com/view.php?ud=20221216000506
2022-12-16 17:57:09,666 Processed https://biz.heraldcorp.com/view.php?ud=20221216000377
2022-12-16 17:57:11,774 Processed https://biz.heraldcorp.com/view.php?ud=20221216000378
2022-12-16 17:57:13,911 Processed https://biz.heraldcorp.com/view.php?ud=20221216000367
2022-12-16 17:57:16,058 Processed https://biz.heraldcorp.com/view.php?ud=20221216000340
2022-12-16 17:57:18,228 Processed https://biz.heraldcorp.com/view.php?ud=20221216000339
2022-12-16 17:57:20,401 Processed https://biz.heraldcorp.com/view.php?ud=20221216000296
2022-12-16 17:57:22,575 Processed https://biz.heraldcorp.com/view.php?ud=20221216000244
2022-12-16 17:57:24,723 Processed https://biz.heraldcorp.com/view.php?ud=20221216000218
2022-12-16 17:57:26,890 Processed https://biz.heraldcorp.com/view.php?ud=20221216000165
2022-12-16 17:57:29,060 Processed https://biz.heraldcorp.com/view.php?ud=20221216000164
2022-12-16 17:57:31,192 Processed https://biz.heraldcorp.com/view.php?ud=20221216000506
2022-12-16 17:57:33,378 Processed https://biz.heraldcorp.com/view.php?ud=20221216000161
2022-12-16 17:57:35,529 Processed https://biz.heraldcorp.com/view.php?ud=20221216000155
2022-12-16 17:57:37,665 Processed https://biz.heraldcorp.com/view.php?ud=20221216000110
2022-12-16 17:57:39,769 Processed https://biz.heraldcorp.com/view.php?ud=20221216000097
2022-12-16 17:57:41,948 Processed https://biz.heraldcorp.com/view.php?ud=20221216000087
2022-12-16 17:57:44,116 Processed https://biz.heraldcorp.com/view.php?ud=20221216000069
2022-12-16 17:57:46,212 Processed https://biz.heraldcorp.com/view.php?ud=20221216000034
2022-12-16 17:57:48,343 Processed https://biz.heraldcorp.com/view.php?ud=20221216000033
2022-12-16 17:57:50,504 Processed https://biz.heraldcorp.com/view.php?ud=20221216000032
2022-12-16 17:57:52,628 Processed https://biz.heraldcorp.com/view.php?ud=20221216000030
2022-12-16 17:57:54,793 Processed https://biz.heraldcorp.com/view.php?ud=20221216000506
2022-12-16 17:57:56,959 Processed https://biz.heraldcorp.com/view.php?ud=20221216000011
2022-12-16 17:57:59,120 Processed https://biz.heraldcorp.com/view.php?ud=20221216000010
2022-12-16 17:58:01,262 Processed https://biz.heraldcorp.com/view.php?ud=20221216000009
2022-12-16 17:58:03,448 Processed https://biz.heraldcorp.com/view.php?ud=20221215000765
2022-12-16 17:58:05,623 Processed https://biz.heraldcorp.com/view.php?ud=20221215000759
2022-12-16 17:58:07,777 Processed https://biz.heraldcorp.com/view.php?ud=20221215000758
2022-12-16 17:58:09,906 Processed https://biz.heraldcorp.com/view.php?ud=20221215000641
2022-12-16 17:58:12,073 Processed https://biz.heraldcorp.com/view.php?ud=20221215000621
2022-12-16 17:58:14,265 Processed https://biz.heraldcorp.com/view.php?ud=20221215000586
2022-12-16 17:58:16,401 Processed https://biz.heraldcorp.com/view.php?ud=20221215000535
2022-12-16 17:58:18,572 Processed https://biz.heraldcorp.com/view.php?ud=20221216000506
2022-12-16 17:58:20,708 Processed https://biz.heraldcorp.com/view.php?ud=20221215000531
2022-12-16 17:58:22,855 Processed https://biz.heraldcorp.com/view.php?ud=20221215000493
2022-12-16 17:58:25,040 Processed https://biz.heraldcorp.com/view.php?ud=20221215000485
2022-12-16 17:58:27,181 Processed https://biz.heraldcorp.com/view.php?ud=20221215000483
2022-12-16 17:58:29,348 Processed https://biz.heraldcorp.com/view.php?ud=20221215000456
2022-12-16 17:58:31,435 Processed https://biz.heraldcorp.com/view.php?ud=20221215000426
2022-12-16 17:58:33,569 Processed https://biz.heraldcorp.com/view.php?ud=20221215000424
2022-12-16 17:58:35,705 Processed https://biz.heraldcorp.com/view.php?ud=20221215000419
2022-12-16 17:58:37,859 Processed https://biz.heraldcorp.com/view.php?ud=20221215000417
2022-12-16 17:58:39,986 Processed https://biz.heraldcorp.com/view.php?ud=20221215000272
2022-12-16 17:58:42,136 Processed https://biz.heraldcorp.com/view.php?ud=20221216000506
2022-12-16 17:58:44,277 Processed https://biz.heraldcorp.com/view.php?ud=20221215000240
2022-12-16 17:58:46,397 Processed https://biz.heraldcorp.com/view.php?ud=20221215000238
2022-12-16 17:58:48,517 Processed https://biz.heraldcorp.com/view.php?ud=20221215000233
2022-12-16 17:58:50,674 Processed https://biz.heraldcorp.com/view.php?ud=20221215000228
2022-12-16 17:58:52,790 Processed https://biz.heraldcorp.com/view.php?ud=20221215000210
2022-12-16 17:58:54,944 Processed https://biz.heraldcorp.com/view.php?ud=20221215000207
2022-12-16 17:58:57,076 Processed https://biz.heraldcorp.com/view.php?ud=20221215000198
2022-12-16 17:58:59,198 Processed https://biz.heraldcorp.com/view.php?ud=20221215000184
2022-12-16 17:59:01,349 Processed https://biz.heraldcorp.com/view.php?ud=20221215000143
2022-12-16 17:59:03,481 Processed https://biz.heraldcorp.com/view.php?ud=20221215000109
2022-12-16 17:59:05,657 Processed https://biz.heraldcorp.com/view.php?ud=20221216000506
2022-12-16 17:59:07,811 Processed https://biz.heraldcorp.com/view.php?ud=20221215000104
2022-12-16 17:59:09,967 Processed https://biz.heraldcorp.com/view.php?ud=20221215000056
2022-12-16 17:59:12,103 Processed https://biz.heraldcorp.com/view.php?ud=20221215000015
2022-12-16 17:59:14,262 Processed https://biz.heraldcorp.com/view.php?ud=20221215000003
2022-12-16 17:59:16,396 Processed https://biz.heraldcorp.com/view.php?ud=20221215000002
2022-12-16 17:59:18,505 Processed https://biz.heraldcorp.com/view.php?ud=20221215000001
2022-12-16 17:59:20,611 Processed https://biz.heraldcorp.com/view.php?ud=20221214000729
2022-12-16 17:59:22,754 Processed https://biz.heraldcorp.com/view.php?ud=20221214000692
2022-12-16 17:59:24,863 Processed https://biz.heraldcorp.com/view.php?ud=20221214000687
2022-12-16 17:59:26,980 Processed https://biz.heraldcorp.com/view.php?ud=20221214000681
2022-12-16 17:59:29,133 Processed https://biz.heraldcorp.com/view.php?ud=20221216000506
2022-12-16 17:59:31,250 Processed https://biz.heraldcorp.com/view.php?ud=20221214000628
2022-12-16 17:59:33,385 Processed https://biz.heraldcorp.com/view.php?ud=20221214000575
2022-12-16 17:59:35,541 Processed https://biz.heraldcorp.com/view.php?ud=20221214000566
2022-12-16 17:59:37,690 Processed https://biz.heraldcorp.com/view.php?ud=20221214000562
2022-12-16 17:59:39,826 Processed https://biz.heraldcorp.com/view.php?ud=20221214000551
2022-12-16 17:59:41,970 Processed https://biz.heraldcorp.com/view.php?ud=20221214000530
2022-12-16 17:59:44,108 Processed https://biz.heraldcorp.com/view.php?ud=20221214000448
2022-12-16 17:59:46,250 Processed https://biz.heraldcorp.com/view.php?ud=20221214000449
2022-12-16 17:59:48,401 Processed https://biz.heraldcorp.com/view.php?ud=20221214000443
2022-12-16 17:59:50,530 Processed https://biz.heraldcorp.com/view.php?ud=20221214000435
2022-12-16 17:59:52,697 Processed https://biz.heraldcorp.com/view.php?ud=20221216000506
2022-12-16 17:59:54,845 Processed https://biz.heraldcorp.com/view.php?ud=20221214000425
2022-12-16 17:59:56,991 Processed https://biz.heraldcorp.com/view.php?ud=20221214000254
2022-12-16 17:59:59,182 Processed https://biz.heraldcorp.com/view.php?ud=20221214000235
2022-12-16 18:00:01,320 Processed https://biz.heraldcorp.com/view.php?ud=20221214000215
2022-12-16 18:00:03,478 Processed https://biz.heraldcorp.com/view.php?ud=20221214000195
2022-12-16 18:00:05,620 Processed https://biz.heraldcorp.com/view.php?ud=20221214000189
2022-12-16 18:00:07,777 Processed https://biz.heraldcorp.com/view.php?ud=20221214000159
2022-12-16 18:00:09,932 Processed https://biz.heraldcorp.com/view.php?ud=20221214000148
2022-12-16 18:00:12,080 Processed https://biz.heraldcorp.com/view.php?ud=20221214000129
2022-12-16 18:00:14,214 Processed https://biz.heraldcorp.com/view.php?ud=20221214000102
2022-12-16 18:00:16,335 Processed https://biz.heraldcorp.com/view.php?ud=20221216000506
2022-12-16 18:00:18,459 Processed https://biz.heraldcorp.com/view.php?ud=20221214000047
2022-12-16 18:00:20,639 Processed https://biz.heraldcorp.com/view.php?ud=20221214000043
2022-12-16 18:00:22,806 Processed https://biz.heraldcorp.com/view.php?ud=20221214000040
2022-12-16 18:00:24,985 Processed https://biz.heraldcorp.com/view.php?ud=20221214000003
2022-12-16 18:00:27,151 Processed https://biz.heraldcorp.com/view.php?ud=20221214000002
2022-12-16 18:00:29,335 Processed https://biz.heraldcorp.com/view.php?ud=20221214000001
2022-12-16 18:00:31,460 Processed https://biz.heraldcorp.com/view.php?ud=20221213000707
2022-12-16 18:00:33,625 Processed https://biz.heraldcorp.com/view.php?ud=20221213000706
2022-12-16 18:00:35,804 Processed https://biz.heraldcorp.com/view.php?ud=20221213000703
2022-12-16 18:00:37,947 Processed https://biz.heraldcorp.com/view.php?ud=20221213000702
2022-12-16 18:00:40,117 Processed https://biz.heraldcorp.com/view.php?ud=20221216000534
2022-12-16 18:00:42,269 Processed https://biz.heraldcorp.com/view.php?ud=20221216000532
2022-12-16 18:00:44,394 Processed https://biz.heraldcorp.com/view.php?ud=20221216000531
2022-12-16 18:00:46,521 Processed https://biz.heraldcorp.com/view.php?ud=20221216000526
2022-12-16 18:00:48,672 Processed https://biz.heraldcorp.com/view.php?ud=20221216000524
2022-12-16 18:00:50,793 Processed https://biz.heraldcorp.com/view.php?ud=20221216000520
2022-12-16 18:00:52,956 Processed https://biz.heraldcorp.com/view.php?ud=20221216000519
2022-12-16 18:00:55,047 Processed https://biz.heraldcorp.com/view.php?ud=20221216000518
2022-12-16 18:00:57,208 Processed https://biz.heraldcorp.com/view.php?ud=20221216000515
2022-12-16 18:00:59,318 Processed https://biz.heraldcorp.com/view.php?ud=20221216000513
2022-12-16 18:01:01,465 Processed https://biz.heraldcorp.com/view.php?ud=20221216000534
2022-12-16 18:01:03,566 Processed https://biz.heraldcorp.com/view.php?ud=20221216000432
2022-12-16 18:01:05,683 Processed https://biz.heraldcorp.com/view.php?ud=20221216000428
2022-12-16 18:01:07,840 Processed https://biz.heraldcorp.com/view.php?ud=20221216000412
2022-12-16 18:01:09,952 Processed https://biz.heraldcorp.com/view.php?ud=20221216000404
2022-12-16 18:01:12,068 Processed https://biz.heraldcorp.com/view.php?ud=20221216000401
2022-12-16 18:01:14,200 Processed https://biz.heraldcorp.com/view.php?ud=20221216000399
2022-12-16 18:01:16,322 Processed https://biz.heraldcorp.com/view.php?ud=20221216000396
2022-12-16 18:01:18,479 Processed https://biz.heraldcorp.com/view.php?ud=20221216000395
2022-12-16 18:01:20,607 Processed https://biz.heraldcorp.com/view.php?ud=20221216000394
2022-12-16 18:01:22,737 Processed https://biz.heraldcorp.com/view.php?ud=20221216000393
2022-12-16 18:01:24,864 Processed https://biz.heraldcorp.com/view.php?ud=20221216000534
2022-12-16 18:01:27,004 Processed https://biz.heraldcorp.com/view.php?ud=20221216000389
2022-12-16 18:01:29,146 Processed https://biz.heraldcorp.com/view.php?ud=20221216000390
2022-12-16 18:01:31,285 Processed https://biz.heraldcorp.com/view.php?ud=20221216000382
2022-12-16 18:01:33,377 Processed https://biz.heraldcorp.com/view.php?ud=20221216000375
2022-12-16 18:01:35,524 Processed https://biz.heraldcorp.com/view.php?ud=20221216000373
2022-12-16 18:01:37,642 Processed https://biz.heraldcorp.com/view.php?ud=20221216000372
2022-12-16 18:01:39,807 Processed https://biz.heraldcorp.com/view.php?ud=20221216000366
2022-12-16 18:01:41,980 Processed https://biz.heraldcorp.com/view.php?ud=20221216000365
2022-12-16 18:01:44,111 Processed https://biz.heraldcorp.com/view.php?ud=20221216000371
2022-12-16 18:01:46,275 Processed https://biz.heraldcorp.com/view.php?ud=20221216000364
2022-12-16 18:01:48,404 Processed https://biz.heraldcorp.com/view.php?ud=20221216000534
2022-12-16 18:01:50,549 Processed https://biz.heraldcorp.com/view.php?ud=20221216000370
2022-12-16 18:01:52,710 Processed https://biz.heraldcorp.com/view.php?ud=20221216000362
2022-12-16 18:01:54,860 Processed https://biz.heraldcorp.com/view.php?ud=20221216000363
2022-12-16 18:01:57,007 Processed https://biz.heraldcorp.com/view.php?ud=20221216000361
2022-12-16 18:01:59,186 Processed https://biz.heraldcorp.com/view.php?ud=20221216000360
2022-12-16 18:02:01,301 Processed https://biz.heraldcorp.com/view.php?ud=20221216000319
2022-12-16 18:02:03,465 Processed https://biz.heraldcorp.com/view.php?ud=20221216000238
2022-12-16 18:02:05,612 Processed https://biz.heraldcorp.com/view.php?ud=20221216000237
2022-12-16 18:02:07,771 Processed https://biz.heraldcorp.com/view.php?ud=20221216000222
2022-12-16 18:02:09,929 Processed https://biz.heraldcorp.com/view.php?ud=20221216000224
2022-12-16 18:02:12,114 Processed https://biz.heraldcorp.com/view.php?ud=20221216000534
2022-12-16 18:02:14,247 Processed https://biz.heraldcorp.com/view.php?ud=20221216000209
2022-12-16 18:02:16,377 Processed https://biz.heraldcorp.com/view.php?ud=20221216000208
2022-12-16 18:02:18,526 Processed https://biz.heraldcorp.com/view.php?ud=20221216000198
2022-12-16 18:02:20,655 Processed https://biz.heraldcorp.com/view.php?ud=20221216000194
2022-12-16 18:02:22,765 Processed https://biz.heraldcorp.com/view.php?ud=20221216000187
2022-12-16 18:02:24,915 Processed https://biz.heraldcorp.com/view.php?ud=20221216000181
2022-12-16 18:02:27,063 Processed https://biz.heraldcorp.com/view.php?ud=20221216000177
2022-12-16 18:02:29,216 Processed https://biz.heraldcorp.com/view.php?ud=20221216000176
2022-12-16 18:02:31,342 Processed https://biz.heraldcorp.com/view.php?ud=20221216000169
2022-12-16 18:02:33,507 Processed https://biz.heraldcorp.com/view.php?ud=20221216000163
2022-12-16 18:02:35,671 Processed https://biz.heraldcorp.com/view.php?ud=20221216000534
2022-12-16 18:02:37,796 Processed https://biz.heraldcorp.com/view.php?ud=20221216000156
2022-12-16 18:02:39,940 Processed https://biz.heraldcorp.com/view.php?ud=20221216000151
2022-12-16 18:02:42,124 Processed https://biz.heraldcorp.com/view.php?ud=20221216000146
2022-12-16 18:02:44,294 Processed https://biz.heraldcorp.com/view.php?ud=20221216000140
2022-12-16 18:02:46,420 Processed https://biz.heraldcorp.com/view.php?ud=20221216000115
2022-12-16 18:02:48,541 Processed https://biz.heraldcorp.com/view.php?ud=20221216000100
2022-12-16 18:02:50,650 Processed https://biz.heraldcorp.com/view.php?ud=20221216000085
2022-12-16 18:02:52,759 Processed https://biz.heraldcorp.com/view.php?ud=20221216000062
2022-12-16 18:02:54,876 Processed https://biz.heraldcorp.com/view.php?ud=20221215000720
2022-12-16 18:02:56,969 Processed https://biz.heraldcorp.com/view.php?ud=20221215000668
2022-12-16 18:02:59,091 Processed https://biz.heraldcorp.com/view.php?ud=20221216000534
2022-12-16 18:03:01,221 Processed https://biz.heraldcorp.com/view.php?ud=20221215000655
2022-12-16 18:03:03,344 Processed https://biz.heraldcorp.com/view.php?ud=20221215000649
2022-12-16 18:03:05,475 Processed https://biz.heraldcorp.com/view.php?ud=20221215000634
2022-12-16 18:03:07,634 Processed https://biz.heraldcorp.com/view.php?ud=20221215000608
2022-12-16 18:03:09,765 Processed https://biz.heraldcorp.com/view.php?ud=20221215000607
2022-12-16 18:03:11,931 Processed https://biz.heraldcorp.com/view.php?ud=20221215000592
2022-12-16 18:03:14,099 Processed https://biz.heraldcorp.com/view.php?ud=20221215000572
2022-12-16 18:03:16,264 Processed https://biz.heraldcorp.com/view.php?ud=20221215000563
2022-12-16 18:03:18,379 Processed https://biz.heraldcorp.com/view.php?ud=20221215000562
2022-12-16 18:03:20,556 Processed https://biz.heraldcorp.com/view.php?ud=20221215000555
2022-12-16 18:03:22,650 Processed https://biz.heraldcorp.com/view.php?ud=20221216000534
2022-12-16 18:03:24,810 Processed https://biz.heraldcorp.com/view.php?ud=20221215000537
2022-12-16 18:03:26,996 Processed https://biz.heraldcorp.com/view.php?ud=20221214000770
2022-12-16 18:03:29,135 Processed https://biz.heraldcorp.com/view.php?ud=20221215000513
2022-12-16 18:03:31,291 Processed https://biz.heraldcorp.com/view.php?ud=20221215000500
2022-12-16 18:03:33,459 Processed https://biz.heraldcorp.com/view.php?ud=20221215000498
2022-12-16 18:03:35,592 Processed https://biz.heraldcorp.com/view.php?ud=20221215000466
2022-12-16 18:03:37,758 Processed https://biz.heraldcorp.com/view.php?ud=20221215000463
2022-12-16 18:03:39,926 Processed https://biz.heraldcorp.com/view.php?ud=20221215000452
2022-12-16 18:03:42,079 Processed https://biz.heraldcorp.com/view.php?ud=20221215000444
2022-12-16 18:03:44,188 Processed https://biz.heraldcorp.com/view.php?ud=20221215000450
2022-12-16 18:03:46,374 Processed https://biz.heraldcorp.com/view.php?ud=20221216000534
2022-12-16 18:03:48,475 Processed https://biz.heraldcorp.com/view.php?ud=20221215000447
2022-12-16 18:03:50,657 Processed https://biz.heraldcorp.com/view.php?ud=20221215000449
2022-12-16 18:03:52,780 Processed https://biz.heraldcorp.com/view.php?ud=20221215000446
2022-12-16 18:03:54,946 Processed https://biz.heraldcorp.com/view.php?ud=20221215000445
2022-12-16 18:03:57,067 Processed https://biz.heraldcorp.com/view.php?ud=20221215000448
2022-12-16 18:03:59,185 Processed https://biz.heraldcorp.com/view.php?ud=20221215000440
2022-12-16 18:04:01,360 Processed https://biz.heraldcorp.com/view.php?ud=20221215000441
2022-12-16 18:04:03,515 Processed https://biz.heraldcorp.com/view.php?ud=20221215000442
2022-12-16 18:04:05,702 Processed https://biz.heraldcorp.com/view.php?ud=20221215000435
2022-12-16 18:04:07,876 Processed https://biz.heraldcorp.com/view.php?ud=20221215000425
2022-12-16 18:04:10,016 Processed https://biz.heraldcorp.com/view.php?ud=20221216000534
2022-12-16 18:04:12,155 Processed https://biz.heraldcorp.com/view.php?ud=20221215000427
2022-12-16 18:04:14,281 Processed https://biz.heraldcorp.com/view.php?ud=20221215000420
2022-12-16 18:04:16,431 Processed https://biz.heraldcorp.com/view.php?ud=20221215000411
2022-12-16 18:04:18,594 Processed https://biz.heraldcorp.com/view.php?ud=20221215000414
2022-12-16 18:04:20,737 Processed https://biz.heraldcorp.com/view.php?ud=20221215000413
2022-12-16 18:04:22,875 Processed https://biz.heraldcorp.com/view.php?ud=20221215000412
2022-12-16 18:04:25,012 Processed https://biz.heraldcorp.com/view.php?ud=20221215000297
2022-12-16 18:04:27,186 Processed https://biz.heraldcorp.com/view.php?ud=20221215000290
2022-12-16 18:04:29,292 Processed https://biz.heraldcorp.com/view.php?ud=20221215000292
2022-12-16 18:04:31,503 Processed https://biz.heraldcorp.com/view.php?ud=20221215000291
2022-12-16 18:04:33,652 Processed https://biz.heraldcorp.com/view.php?ud=20221216000463
2022-12-16 18:04:35,811 Processed https://biz.heraldcorp.com/view.php?ud=20221216000410
2022-12-16 18:04:37,957 Processed https://biz.heraldcorp.com/view.php?ud=20221216000384
2022-12-16 18:04:40,098 Processed https://biz.heraldcorp.com/view.php?ud=20221216000381
2022-12-16 18:04:42,284 Processed https://biz.heraldcorp.com/view.php?ud=20221216000380
2022-12-16 18:04:44,447 Processed https://biz.heraldcorp.com/view.php?ud=20221216000352
2022-12-16 18:04:46,594 Processed https://biz.heraldcorp.com/view.php?ud=20221216000351
2022-12-16 18:04:48,738 Processed https://biz.heraldcorp.com/view.php?ud=20221216000309
2022-12-16 18:04:50,879 Processed https://biz.heraldcorp.com/view.php?ud=20221216000172
2022-12-16 18:04:53,040 Processed https://biz.heraldcorp.com/view.php?ud=20221216000120
2022-12-16 18:04:55,180 Processed https://biz.heraldcorp.com/view.php?ud=20221216000463
2022-12-16 18:04:57,336 Processed https://biz.heraldcorp.com/view.php?ud=20221216000086
2022-12-16 18:04:59,448 Processed https://biz.heraldcorp.com/view.php?ud=20221216000082
2022-12-16 18:05:01,586 Processed https://biz.heraldcorp.com/view.php?ud=20221216000080
2022-12-16 18:05:03,722 Processed https://biz.heraldcorp.com/view.php?ud=20221216000071
2022-12-16 18:05:05,828 Processed https://biz.heraldcorp.com/view.php?ud=20221216000063
2022-12-16 18:05:07,968 Processed https://biz.heraldcorp.com/view.php?ud=20221216000054
2022-12-16 18:05:10,067 Processed https://biz.heraldcorp.com/view.php?ud=20221216000053
2022-12-16 18:05:12,226 Processed https://biz.heraldcorp.com/view.php?ud=20221216000052
2022-12-16 18:05:14,397 Processed https://biz.heraldcorp.com/view.php?ud=20221216000049
2022-12-16 18:05:16,520 Processed https://biz.heraldcorp.com/view.php?ud=20221215000783
2022-12-16 18:05:18,688 Processed https://biz.heraldcorp.com/view.php?ud=20221216000463
2022-12-16 18:05:20,836 Processed https://biz.heraldcorp.com/view.php?ud=20221215000711
2022-12-16 18:05:22,973 Processed https://biz.heraldcorp.com/view.php?ud=20221215000699
2022-12-16 18:05:25,134 Processed https://biz.heraldcorp.com/view.php?ud=20221215000509
2022-12-16 18:05:27,270 Processed https://biz.heraldcorp.com/view.php?ud=20221215000462
2022-12-16 18:05:29,432 Processed https://biz.heraldcorp.com/view.php?ud=20221215000402
2022-12-16 18:05:31,597 Processed https://biz.heraldcorp.com/view.php?ud=20221215000398
2022-12-16 18:05:33,757 Processed https://biz.heraldcorp.com/view.php?ud=20221215000273
2022-12-16 18:05:35,916 Processed https://biz.heraldcorp.com/view.php?ud=20221215000267
2022-12-16 18:05:38,042 Processed https://biz.heraldcorp.com/view.php?ud=20221215000266
2022-12-16 18:05:40,250 Processed https://biz.heraldcorp.com/view.php?ud=20221215000250
2022-12-16 18:05:42,428 Processed https://biz.heraldcorp.com/view.php?ud=20221216000463
2022-12-16 18:05:44,578 Processed https://biz.heraldcorp.com/view.php?ud=20221215000226
2022-12-16 18:05:46,724 Processed https://biz.heraldcorp.com/view.php?ud=20221215000120
2022-12-16 18:05:48,864 Processed https://biz.heraldcorp.com/view.php?ud=20221215000101
2022-12-16 18:05:51,030 Processed https://biz.heraldcorp.com/view.php?ud=20221215000055
2022-12-16 18:05:53,181 Processed https://biz.heraldcorp.com/view.php?ud=20221215000030
2022-12-16 18:05:55,294 Processed https://biz.heraldcorp.com/view.php?ud=20221215000027
2022-12-16 18:05:57,435 Processed https://biz.heraldcorp.com/view.php?ud=20221214000752
2022-12-16 18:05:59,599 Processed https://biz.heraldcorp.com/view.php?ud=20221214000751
2022-12-16 18:06:01,721 Processed https://biz.heraldcorp.com/view.php?ud=20221214000721
2022-12-16 18:06:03,865 Processed https://biz.heraldcorp.com/view.php?ud=20221214000712
2022-12-16 18:06:06,022 Processed https://biz.heraldcorp.com/view.php?ud=20221216000463
2022-12-16 18:06:08,173 Processed https://biz.heraldcorp.com/view.php?ud=20221214000698
2022-12-16 18:06:10,349 Processed https://biz.heraldcorp.com/view.php?ud=20221214000603
2022-12-16 18:06:12,492 Processed https://biz.heraldcorp.com/view.php?ud=20221214000564
2022-12-16 18:06:14,643 Processed https://biz.heraldcorp.com/view.php?ud=20221214000557
2022-12-16 18:06:16,835 Processed https://biz.heraldcorp.com/view.php?ud=20221214000519
2022-12-16 18:06:18,981 Processed https://biz.heraldcorp.com/view.php?ud=20221214000520
2022-12-16 18:06:21,147 Processed https://biz.heraldcorp.com/view.php?ud=20221214000480
2022-12-16 18:06:23,299 Processed https://biz.heraldcorp.com/view.php?ud=20221214000450
2022-12-16 18:06:25,423 Processed https://biz.heraldcorp.com/view.php?ud=20221214000401
2022-12-16 18:06:27,581 Processed https://biz.heraldcorp.com/view.php?ud=20221214000400
2022-12-16 18:06:29,692 Processed https://biz.heraldcorp.com/view.php?ud=20221216000463
2022-12-16 18:06:31,831 Processed https://biz.heraldcorp.com/view.php?ud=20221214000395
2022-12-16 18:06:33,948 Processed https://biz.heraldcorp.com/view.php?ud=20221214000388
2022-12-16 18:06:36,099 Processed https://biz.heraldcorp.com/view.php?ud=20221214000173
2022-12-16 18:06:38,226 Processed https://biz.heraldcorp.com/view.php?ud=20221214000174
2022-12-16 18:06:40,341 Processed https://biz.heraldcorp.com/view.php?ud=20221214000167
2022-12-16 18:06:42,480 Processed https://biz.heraldcorp.com/view.php?ud=20221214000109
2022-12-16 18:06:44,606 Processed https://biz.heraldcorp.com/view.php?ud=20221214000072
2022-12-16 18:06:46,779 Processed https://biz.heraldcorp.com/view.php?ud=20221214000068
2022-12-16 18:06:48,953 Processed https://biz.heraldcorp.com/view.php?ud=20221214000057
2022-12-16 18:06:51,110 Processed https://biz.heraldcorp.com/view.php?ud=20221214000048
2022-12-16 18:06:53,270 Processed https://biz.heraldcorp.com/view.php?ud=20221216000463
2022-12-16 18:06:55,419 Processed https://biz.heraldcorp.com/view.php?ud=20221214000041
2022-12-16 18:06:57,601 Processed https://biz.heraldcorp.com/view.php?ud=20221214000021
2022-12-16 18:06:59,723 Processed https://biz.heraldcorp.com/view.php?ud=20221213000688
2022-12-16 18:07:01,877 Processed https://biz.heraldcorp.com/view.php?ud=20221213000672
2022-12-16 18:07:04,031 Processed https://biz.heraldcorp.com/view.php?ud=20221213000584
2022-12-16 18:07:06,155 Processed https://biz.heraldcorp.com/view.php?ud=20221213000551
2022-12-16 18:07:08,276 Processed https://biz.heraldcorp.com/view.php?ud=20221213000537
2022-12-16 18:07:10,436 Processed https://biz.heraldcorp.com/view.php?ud=20221213000522
2022-12-16 18:07:12,606 Processed https://biz.heraldcorp.com/view.php?ud=20221213000514
2022-12-16 18:07:14,805 Processed https://biz.heraldcorp.com/view.php?ud=20221213000443
2022-12-16 18:07:16,958 Processed https://biz.heraldcorp.com/view.php?ud=20221216000463
2022-12-16 18:07:19,143 Processed https://biz.heraldcorp.com/view.php?ud=20221213000419
2022-12-16 18:07:21,295 Processed https://biz.heraldcorp.com/view.php?ud=20221213000411
2022-12-16 18:07:23,434 Processed https://biz.heraldcorp.com/view.php?ud=20221213000406
2022-12-16 18:07:25,576 Processed https://biz.heraldcorp.com/view.php?ud=20221213000226
2022-12-16 18:07:27,715 Processed https://biz.heraldcorp.com/view.php?ud=20221213000193
2022-12-16 18:07:29,853 Processed https://biz.heraldcorp.com/view.php?ud=20221213000149
2022-12-16 18:07:32,023 Processed https://biz.heraldcorp.com/view.php?ud=20221213000120
2022-12-16 18:07:34,122 Processed https://biz.heraldcorp.com/view.php?ud=20221213000075
2022-12-16 18:07:36,236 Processed https://biz.heraldcorp.com/view.php?ud=20221213000057
2022-12-16 18:07:38,354 Processed https://biz.heraldcorp.com/view.php?ud=20221213000050
2022-12-16 18:07:40,524 Processed https://biz.heraldcorp.com/view.php?ud=20221216000463
2022-12-16 18:07:42,685 Processed https://biz.heraldcorp.com/view.php?ud=20221213000042
2022-12-16 18:07:44,850 Processed https://biz.heraldcorp.com/view.php?ud=20221213000040
2022-12-16 18:07:46,992 Processed https://biz.heraldcorp.com/view.php?ud=20221213000016
2022-12-16 18:07:49,135 Processed https://biz.heraldcorp.com/view.php?ud=20221213000013
2022-12-16 18:07:51,287 Processed https://biz.heraldcorp.com/view.php?ud=20221212000771
2022-12-16 18:07:53,439 Processed https://biz.heraldcorp.com/view.php?ud=20221212000770
2022-12-16 18:07:55,584 Processed https://biz.heraldcorp.com/view.php?ud=20221212000734
2022-12-16 18:07:57,769 Processed https://biz.heraldcorp.com/view.php?ud=20221212000713
2022-12-16 18:07:59,898 Processed https://biz.heraldcorp.com/view.php?ud=20221212000708
2022-12-16 18:08:02,024 Processed https://biz.heraldcorp.com/view.php?ud=20221212000665
2022-12-16 18:08:04,150 Processed https://biz.heraldcorp.com/view.php?ud=20221216000463
2022-12-16 18:08:06,287 Processed https://biz.heraldcorp.com/view.php?ud=20221212000588
2022-12-16 18:08:08,449 Processed https://biz.heraldcorp.com/view.php?ud=20221212000558
2022-12-16 18:08:10,605 Processed https://biz.heraldcorp.com/view.php?ud=20221212000532
2022-12-16 18:08:12,732 Processed https://biz.heraldcorp.com/view.php?ud=20221212000477
2022-12-16 18:08:14,877 Processed https://biz.heraldcorp.com/view.php?ud=20221212000448
2022-12-16 18:08:16,976 Processed https://biz.heraldcorp.com/view.php?ud=20221212000228
2022-12-16 18:08:19,107 Processed https://biz.heraldcorp.com/view.php?ud=20221212000224
2022-12-16 18:08:21,211 Processed https://biz.heraldcorp.com/view.php?ud=20221212000219
2022-12-16 18:08:23,325 Processed https://biz.heraldcorp.com/view.php?ud=20221212000151
2022-12-16 18:08:25,472 Processed https://biz.heraldcorp.com/view.php?ud=20221212000121
2022-12-16 18:08:27,642 Processed https://biz.heraldcorp.com/view.php?ud=20221216000514
2022-12-16 18:08:29,818 Processed https://biz.heraldcorp.com/view.php?ud=20221216000436
2022-12-16 18:08:31,957 Processed https://biz.heraldcorp.com/view.php?ud=20221216000400
2022-12-16 18:08:34,143 Processed https://biz.heraldcorp.com/view.php?ud=20221216000123
2022-12-16 18:08:36,277 Processed https://biz.heraldcorp.com/view.php?ud=20221216000104
2022-12-16 18:08:38,471 Processed https://biz.heraldcorp.com/view.php?ud=20221216000074
2022-12-16 18:08:40,578 Processed https://biz.heraldcorp.com/view.php?ud=20221216000057
2022-12-16 18:08:42,752 Processed https://biz.heraldcorp.com/view.php?ud=20221216000028
2022-12-16 18:08:44,858 Processed https://biz.heraldcorp.com/view.php?ud=20221216000023
2022-12-16 18:08:46,950 Processed https://biz.heraldcorp.com/view.php?ud=20221216000001
2022-12-16 18:08:49,070 Processed https://biz.heraldcorp.com/view.php?ud=20221216000514
2022-12-16 18:08:51,180 Processed https://biz.heraldcorp.com/view.php?ud=20221215000708
2022-12-16 18:08:53,281 Processed https://biz.heraldcorp.com/view.php?ud=20221215000693
2022-12-16 18:08:55,421 Processed https://biz.heraldcorp.com/view.php?ud=20221215000640
2022-12-16 18:08:57,524 Processed https://biz.heraldcorp.com/view.php?ud=20221215000502
2022-12-16 18:08:59,618 Processed https://biz.heraldcorp.com/view.php?ud=20221215000492
2022-12-16 18:09:01,725 Processed https://biz.heraldcorp.com/view.php?ud=20221215000481
2022-12-16 18:09:03,820 Processed https://biz.heraldcorp.com/view.php?ud=20221215000474
2022-12-16 18:09:05,956 Processed https://biz.heraldcorp.com/view.php?ud=20221215000453
2022-12-16 18:09:08,077 Processed https://biz.heraldcorp.com/view.php?ud=20221215000175
2022-12-16 18:09:10,181 Processed https://biz.heraldcorp.com/view.php?ud=20221215000162
2022-12-16 18:09:12,280 Processed https://biz.heraldcorp.com/view.php?ud=20221216000514
2022-12-16 18:09:14,394 Processed https://biz.heraldcorp.com/view.php?ud=20221215000132
2022-12-16 18:09:16,532 Processed https://biz.heraldcorp.com/view.php?ud=20221215000126
2022-12-16 18:09:18,639 Processed https://biz.heraldcorp.com/view.php?ud=20221215000074
2022-12-16 18:09:20,756 Processed https://biz.heraldcorp.com/view.php?ud=20221215000066
2022-12-16 18:09:22,879 Processed https://biz.heraldcorp.com/view.php?ud=20221215000061
2022-12-16 18:09:25,009 Processed https://biz.heraldcorp.com/view.php?ud=20221215000042
2022-12-16 18:09:27,166 Processed https://biz.heraldcorp.com/view.php?ud=20221215000016
2022-12-16 18:09:29,311 Processed https://biz.heraldcorp.com/view.php?ud=20221215000004
2022-12-16 18:09:31,496 Processed https://biz.heraldcorp.com/view.php?ud=20221215000005
2022-12-16 18:09:33,656 Processed https://biz.heraldcorp.com/view.php?ud=20221214000695
2022-12-16 18:09:35,804 Processed https://biz.heraldcorp.com/view.php?ud=20221216000514
2022-12-16 18:09:37,957 Processed https://biz.heraldcorp.com/view.php?ud=20221214000686
2022-12-16 18:09:40,117 Processed https://biz.heraldcorp.com/view.php?ud=20221214000666
2022-12-16 18:09:42,267 Processed https://biz.heraldcorp.com/view.php?ud=20221214000638
2022-12-16 18:09:44,362 Processed https://biz.heraldcorp.com/view.php?ud=20221214000494
2022-12-16 18:09:46,471 Processed https://biz.heraldcorp.com/view.php?ud=20221214000166
2022-12-16 18:09:48,649 Processed https://biz.heraldcorp.com/view.php?ud=20221214000157
2022-12-16 18:09:50,762 Processed https://biz.heraldcorp.com/view.php?ud=20221214000074
2022-12-16 18:09:52,853 Processed https://biz.heraldcorp.com/view.php?ud=20221214000023
2022-12-16 18:09:54,954 Processed https://biz.heraldcorp.com/view.php?ud=20221214000010
2022-12-16 18:09:57,079 Processed https://biz.heraldcorp.com/view.php?ud=20221214000008
2022-12-16 18:09:59,198 Processed https://biz.heraldcorp.com/view.php?ud=20221216000514
2022-12-16 18:10:01,342 Processed https://biz.heraldcorp.com/view.php?ud=20221213000708
2022-12-16 18:10:03,431 Processed https://biz.heraldcorp.com/view.php?ud=20221213000589
2022-12-16 18:10:05,600 Processed https://biz.heraldcorp.com/view.php?ud=20221213000552
2022-12-16 18:10:07,758 Processed https://biz.heraldcorp.com/view.php?ud=20221213000539
2022-12-16 18:10:09,907 Processed https://biz.heraldcorp.com/view.php?ud=20221213000532
2022-12-16 18:10:12,043 Processed https://biz.heraldcorp.com/view.php?ud=20221213000496
2022-12-16 18:10:14,172 Processed https://biz.heraldcorp.com/view.php?ud=20221213000466
2022-12-16 18:10:16,301 Processed https://biz.heraldcorp.com/view.php?ud=20221213000440
2022-12-16 18:10:18,432 Processed https://biz.heraldcorp.com/view.php?ud=20221213000386
2022-12-16 18:10:20,542 Processed https://biz.heraldcorp.com/view.php?ud=20221213000276
2022-12-16 18:10:22,656 Processed https://biz.heraldcorp.com/view.php?ud=20221216000514
2022-12-16 18:10:24,755 Processed https://biz.heraldcorp.com/view.php?ud=20221213000260
2022-12-16 18:10:26,923 Processed https://biz.heraldcorp.com/view.php?ud=20221213000196
2022-12-16 18:10:29,068 Processed https://biz.heraldcorp.com/view.php?ud=20221213000144
2022-12-16 18:10:31,188 Processed https://biz.heraldcorp.com/view.php?ud=20221213000108
2022-12-16 18:10:33,289 Processed https://biz.heraldcorp.com/view.php?ud=20221213000078
2022-12-16 18:10:35,404 Processed https://biz.heraldcorp.com/view.php?ud=20221213000072
2022-12-16 18:10:37,562 Processed https://biz.heraldcorp.com/view.php?ud=20221213000060
2022-12-16 18:10:39,673 Processed https://biz.heraldcorp.com/view.php?ud=20221212000641
2022-12-16 18:10:41,775 Processed https://biz.heraldcorp.com/view.php?ud=20221212000589
2022-12-16 18:10:43,890 Processed https://biz.heraldcorp.com/view.php?ud=20221212000559
2022-12-16 18:10:45,991 Processed https://biz.heraldcorp.com/view.php?ud=20221216000514
2022-12-16 18:10:48,134 Processed https://biz.heraldcorp.com/view.php?ud=20221212000538
2022-12-16 18:10:50,255 Processed https://biz.heraldcorp.com/view.php?ud=20221212000510
2022-12-16 18:10:52,430 Processed https://biz.heraldcorp.com/view.php?ud=20221212000299
2022-12-16 18:10:54,542 Processed https://biz.heraldcorp.com/view.php?ud=20221212000286
2022-12-16 18:10:56,674 Processed https://biz.heraldcorp.com/view.php?ud=20221212000287
2022-12-16 18:10:58,810 Processed https://biz.heraldcorp.com/view.php?ud=20221212000283
2022-12-16 18:11:00,916 Processed https://biz.heraldcorp.com/view.php?ud=20221212000282
2022-12-16 18:11:03,046 Processed https://biz.heraldcorp.com/view.php?ud=20221212000235
2022-12-16 18:11:05,245 Processed https://biz.heraldcorp.com/view.php?ud=20221212000183
2022-12-16 18:11:07,426 Processed https://biz.heraldcorp.com/view.php?ud=20221212000132
2022-12-16 18:11:09,624 Processed https://biz.heraldcorp.com/view.php?ud=20221216000514
2022-12-16 18:11:11,779 Processed https://biz.heraldcorp.com/view.php?ud=20221212000094
2022-12-16 18:11:13,925 Processed https://biz.heraldcorp.com/view.php?ud=20221212000088
2022-12-16 18:11:16,082 Processed https://biz.heraldcorp.com/view.php?ud=20221212000072
2022-12-16 18:11:18,253 Processed https://biz.heraldcorp.com/view.php?ud=20221212000059
2022-12-16 18:11:20,403 Processed https://biz.heraldcorp.com/view.php?ud=20221212000050
2022-12-16 18:11:22,583 Processed https://biz.heraldcorp.com/view.php?ud=20221212000042
2022-12-16 18:11:24,726 Processed https://biz.heraldcorp.com/view.php?ud=20221212000020
2022-12-16 18:11:26,829 Processed https://biz.heraldcorp.com/view.php?ud=20221212000013
2022-12-16 18:11:28,951 Processed https://biz.heraldcorp.com/view.php?ud=20221212000006
2022-12-16 18:11:31,052 Processed https://biz.heraldcorp.com/view.php?ud=20221211000119
2022-12-16 18:11:33,203 Processed https://biz.heraldcorp.com/view.php?ud=20221216000514
2022-12-16 18:11:35,351 Processed https://biz.heraldcorp.com/view.php?ud=20221211000113
2022-12-16 18:11:37,535 Processed https://biz.heraldcorp.com/view.php?ud=20221211000096
2022-12-16 18:11:39,702 Processed https://biz.heraldcorp.com/view.php?ud=20221211000087
2022-12-16 18:11:41,876 Processed https://biz.heraldcorp.com/view.php?ud=20221211000056
2022-12-16 18:11:44,055 Processed https://biz.heraldcorp.com/view.php?ud=20221211000036
2022-12-16 18:11:46,229 Processed https://biz.heraldcorp.com/view.php?ud=20221211000033
2022-12-16 18:11:48,368 Processed https://biz.heraldcorp.com/view.php?ud=20221211000031
2022-12-16 18:11:50,503 Processed https://biz.heraldcorp.com/view.php?ud=20221211000028
2022-12-16 18:11:52,665 Processed https://biz.heraldcorp.com/view.php?ud=20221211000026
2022-12-16 18:11:54,769 Processed https://biz.heraldcorp.com/view.php?ud=20221211000023
2022-12-16 18:11:56,896 Processed https://biz.heraldcorp.com/view.php?ud=20221216000514
2022-12-16 18:11:58,999 Processed https://biz.heraldcorp.com/view.php?ud=20221211000022
2022-12-16 18:12:01,095 Processed https://biz.heraldcorp.com/view.php?ud=20221211000017
2022-12-16 18:12:03,218 Processed https://biz.heraldcorp.com/view.php?ud=20221211000002
2022-12-16 18:12:05,342 Processed https://biz.heraldcorp.com/view.php?ud=20221211000001
2022-12-16 18:12:07,497 Processed https://biz.heraldcorp.com/view.php?ud=20221210000075
2022-12-16 18:12:09,634 Processed https://biz.heraldcorp.com/view.php?ud=20221210000064
2022-12-16 18:12:11,785 Processed https://biz.heraldcorp.com/view.php?ud=20221210000057
2022-12-16 18:12:13,944 Processed https://biz.heraldcorp.com/view.php?ud=20221210000056
2022-12-16 18:12:16,125 Processed https://biz.heraldcorp.com/view.php?ud=20221210000051
2022-12-16 18:12:18,218 Processed https://biz.heraldcorp.com/view.php?ud=20221210000048
2022-12-16 18:12:20,351 Processed https://biz.heraldcorp.com/view.php?ud=20221216000356
2022-12-16 18:12:22,536 Processed https://biz.heraldcorp.com/view.php?ud=20221216000293
2022-12-16 18:12:24,680 Processed https://biz.heraldcorp.com/view.php?ud=20221216000290
2022-12-16 18:12:26,843 Processed https://biz.heraldcorp.com/view.php?ud=20221216000289
2022-12-16 18:12:28,966 Processed https://biz.heraldcorp.com/view.php?ud=20221215000439
2022-12-16 18:12:31,085 Processed https://biz.heraldcorp.com/view.php?ud=20221215000438
2022-12-16 18:12:33,209 Processed https://biz.heraldcorp.com/view.php?ud=20221215000431
2022-12-16 18:12:35,331 Processed https://biz.heraldcorp.com/view.php?ud=20221215000430
2022-12-16 18:12:37,456 Processed https://biz.heraldcorp.com/view.php?ud=20221214000447
2022-12-16 18:12:39,564 Processed https://biz.heraldcorp.com/view.php?ud=20221214000399
2022-12-16 18:12:41,664 Processed https://biz.heraldcorp.com/view.php?ud=20221216000356
2022-12-16 18:12:43,783 Processed https://biz.heraldcorp.com/view.php?ud=20221214000398
2022-12-16 18:12:45,925 Processed https://biz.heraldcorp.com/view.php?ud=20221214000394
2022-12-16 18:12:48,071 Processed https://biz.heraldcorp.com/view.php?ud=20221213000403
2022-12-16 18:12:50,233 Processed https://biz.heraldcorp.com/view.php?ud=20221213000396
2022-12-16 18:12:52,404 Processed https://biz.heraldcorp.com/view.php?ud=20221213000162
2022-12-16 18:12:54,609 Processed https://biz.heraldcorp.com/view.php?ud=20221212000416
2022-12-16 18:12:56,725 Processed https://biz.heraldcorp.com/view.php?ud=20221212000407
2022-12-16 18:12:58,878 Processed https://biz.heraldcorp.com/view.php?ud=20221212000394
2022-12-16 18:13:01,009 Processed https://biz.heraldcorp.com/view.php?ud=20221212000393
2022-12-16 18:13:03,103 Processed https://biz.heraldcorp.com/view.php?ud=20221209000412
2022-12-16 18:13:05,217 Processed https://biz.heraldcorp.com/view.php?ud=20221216000356
2022-12-16 18:13:07,314 Processed https://biz.heraldcorp.com/view.php?ud=20221209000387
2022-12-16 18:13:09,417 Processed https://biz.heraldcorp.com/view.php?ud=20221209000385
2022-12-16 18:13:11,564 Processed https://biz.heraldcorp.com/view.php?ud=20221209000386
2022-12-16 18:13:13,723 Processed https://biz.heraldcorp.com/view.php?ud=20221208000389
2022-12-16 18:13:15,820 Processed https://biz.heraldcorp.com/view.php?ud=20221208000384
2022-12-16 18:13:17,933 Processed https://biz.heraldcorp.com/view.php?ud=20221207000408
2022-12-16 18:13:20,083 Processed https://biz.heraldcorp.com/view.php?ud=20221207000409
2022-12-16 18:13:22,213 Processed https://biz.heraldcorp.com/view.php?ud=20221207000403
2022-12-16 18:13:24,363 Processed https://biz.heraldcorp.com/view.php?ud=20221207000402
2022-12-16 18:13:26,495 Processed https://biz.heraldcorp.com/view.php?ud=20221206000625
2022-12-16 18:13:28,593 Processed https://biz.heraldcorp.com/view.php?ud=20221216000356
2022-12-16 18:13:30,720 Processed https://biz.heraldcorp.com/view.php?ud=20221206000620
2022-12-16 18:13:32,828 Processed https://biz.heraldcorp.com/view.php?ud=20221206000402
2022-12-16 18:13:35,024 Processed https://biz.heraldcorp.com/view.php?ud=20221206000401
2022-12-16 18:13:37,145 Processed https://biz.heraldcorp.com/view.php?ud=20221206000400
2022-12-16 18:13:39,270 Processed https://biz.heraldcorp.com/view.php?ud=20221206000132
2022-12-16 18:13:41,487 Processed https://biz.heraldcorp.com/view.php?ud=20221205000319
2022-12-16 18:13:43,655 Processed https://biz.heraldcorp.com/view.php?ud=20221205000313
2022-12-16 18:13:45,792 Processed https://biz.heraldcorp.com/view.php?ud=20221205000309
2022-12-16 18:13:47,959 Processed https://biz.heraldcorp.com/view.php?ud=20221205000306
2022-12-16 18:13:50,114 Processed https://biz.heraldcorp.com/view.php?ud=20221205000305
2022-12-16 18:13:52,241 Processed https://biz.heraldcorp.com/view.php?ud=20221216000356
2022-12-16 18:13:54,417 Processed https://biz.heraldcorp.com/view.php?ud=20221202000380
2022-12-16 18:13:56,569 Processed https://biz.heraldcorp.com/view.php?ud=20221202000381
2022-12-16 18:13:58,747 Processed https://biz.heraldcorp.com/view.php?ud=20221202000377
2022-12-16 18:14:00,892 Processed https://biz.heraldcorp.com/view.php?ud=20221201000710
2022-12-16 18:14:03,047 Processed https://biz.heraldcorp.com/view.php?ud=20221201000406
2022-12-16 18:14:05,223 Processed https://biz.heraldcorp.com/view.php?ud=20221201000397
2022-12-16 18:14:07,404 Processed https://biz.heraldcorp.com/view.php?ud=20221201000398
2022-12-16 18:14:09,584 Processed https://biz.heraldcorp.com/view.php?ud=20221201000399
2022-12-16 18:14:11,738 Processed https://biz.heraldcorp.com/view.php?ud=20221201000400
2022-12-16 18:14:13,902 Processed https://biz.heraldcorp.com/view.php?ud=20221201000383
2022-12-16 18:14:16,069 Processed https://biz.heraldcorp.com/view.php?ud=20221216000356
2022-12-16 18:14:18,214 Processed https://biz.heraldcorp.com/view.php?ud=20221130000415
2022-12-16 18:14:20,372 Processed https://biz.heraldcorp.com/view.php?ud=20221130000399
2022-12-16 18:14:22,515 Processed https://biz.heraldcorp.com/view.php?ud=20221130000401
2022-12-16 18:14:24,678 Processed https://biz.heraldcorp.com/view.php?ud=20221130000400
2022-12-16 18:14:26,842 Processed https://biz.heraldcorp.com/view.php?ud=20221129000362
2022-12-16 18:14:29,016 Processed https://biz.heraldcorp.com/view.php?ud=20221129000353
2022-12-16 18:14:31,122 Processed https://biz.heraldcorp.com/view.php?ud=20221129000354
2022-12-16 18:14:33,261 Processed https://biz.heraldcorp.com/view.php?ud=20221129000355
2022-12-16 18:14:35,377 Processed https://biz.heraldcorp.com/view.php?ud=20221129000347
2022-12-16 18:14:37,482 Processed https://biz.heraldcorp.com/view.php?ud=20221128000384
2022-12-16 18:14:39,660 Processed https://biz.heraldcorp.com/view.php?ud=20221216000356
2022-12-16 18:14:41,764 Processed https://biz.heraldcorp.com/view.php?ud=20221128000358
2022-12-16 18:14:43,911 Processed https://biz.heraldcorp.com/view.php?ud=20221128000352
2022-12-16 18:14:46,050 Processed https://biz.heraldcorp.com/view.php?ud=20221128000340
2022-12-16 18:14:48,221 Processed https://biz.heraldcorp.com/view.php?ud=20221125000339
2022-12-16 18:14:50,385 Processed https://biz.heraldcorp.com/view.php?ud=20221125000277
2022-12-16 18:14:52,588 Processed https://biz.heraldcorp.com/view.php?ud=20221125000279
2022-12-16 18:14:54,704 Processed https://biz.heraldcorp.com/view.php?ud=20221125000278
2022-12-16 18:14:56,861 Processed https://biz.heraldcorp.com/view.php?ud=20221125000275
2022-12-16 18:14:58,988 Processed https://biz.heraldcorp.com/view.php?ud=20221124000647
2022-12-16 18:15:01,094 Processed https://biz.heraldcorp.com/view.php?ud=20221124000355
2022-12-16 18:15:03,214 Processed https://biz.heraldcorp.com/view.php?ud=20221216000356
2022-12-16 18:15:05,317 Processed https://biz.heraldcorp.com/view.php?ud=20221124000354
2022-12-16 18:15:07,416 Processed https://biz.heraldcorp.com/view.php?ud=20221123000419
2022-12-16 18:15:09,517 Processed https://biz.heraldcorp.com/view.php?ud=20221123000346
2022-12-16 18:15:11,627 Processed https://biz.heraldcorp.com/view.php?ud=20221123000347
2022-12-16 18:15:13,742 Processed https://biz.heraldcorp.com/view.php?ud=20221123000348
2022-12-16 18:15:15,867 Processed https://biz.heraldcorp.com/view.php?ud=20221123000339
2022-12-16 18:15:17,956 Processed https://biz.heraldcorp.com/view.php?ud=20221122000449
2022-12-16 18:15:20,076 Processed https://biz.heraldcorp.com/view.php?ud=20221122000265
2022-12-16 18:15:22,238 Processed https://biz.heraldcorp.com/view.php?ud=20221122000309
2022-12-16 18:15:24,367 Processed https://biz.heraldcorp.com/view.php?ud=20221122000310
2022-12-16 18:15:26,513 Processed https://biz.heraldcorp.com/view.php?ud=20221216000356
2022-12-16 18:15:28,643 Processed https://biz.heraldcorp.com/view.php?ud=20221122000303
2022-12-16 18:15:30,788 Processed https://biz.heraldcorp.com/view.php?ud=20221121000434
2022-12-16 18:15:32,950 Processed https://biz.heraldcorp.com/view.php?ud=20221121000413
2022-12-16 18:15:35,087 Processed https://biz.heraldcorp.com/view.php?ud=20221121000391
2022-12-16 18:15:37,223 Processed https://biz.heraldcorp.com/view.php?ud=20221121000392
2022-12-16 18:15:39,360 Processed https://biz.heraldcorp.com/view.php?ud=20221118000564
2022-12-16 18:15:41,533 Processed https://biz.heraldcorp.com/view.php?ud=20221118000336
2022-12-16 18:15:43,750 Processed https://biz.heraldcorp.com/view.php?ud=20221118000331
2022-12-16 18:15:45,895 Processed https://biz.heraldcorp.com/view.php?ud=20221118000332
2022-12-16 18:15:48,046 Processed https://biz.heraldcorp.com/view.php?ud=20221118000324
2022-12-16 18:15:50,223 Processed https://biz.heraldcorp.com/view.php?ud=20221216000356
2022-12-16 18:15:52,384 Processed https://biz.heraldcorp.com/view.php?ud=20221117000428
2022-12-16 18:15:54,534 Processed https://biz.heraldcorp.com/view.php?ud=20221117000421
2022-12-16 18:15:56,700 Processed https://biz.heraldcorp.com/view.php?ud=20221117000408
2022-12-16 18:15:58,838 Processed https://biz.heraldcorp.com/view.php?ud=20221117000410
2022-12-16 18:16:01,025 Processed https://biz.heraldcorp.com/view.php?ud=20221117000409
2022-12-16 18:16:03,168 Processed https://biz.heraldcorp.com/view.php?ud=20221116000473
2022-12-16 18:16:05,319 Processed https://biz.heraldcorp.com/view.php?ud=20221116000474
2022-12-16 18:16:07,459 Processed https://biz.heraldcorp.com/view.php?ud=20221116000467
2022-12-16 18:16:09,630 Processed https://biz.heraldcorp.com/view.php?ud=20221116000434
2022-12-16 18:16:11,761 Processed https://biz.heraldcorp.com/view.php?ud=20221116000429
2022-12-16 18:16:13,946 Processed https://biz.heraldcorp.com/view.php?ud=20221216000356
2022-12-16 18:16:16,002 Processed https://biz.heraldcorp.com/view.php?ud=20221216000533
2022-12-16 18:16:18,080 Processed https://biz.heraldcorp.com/view.php?ud=20221216000530
2022-12-16 18:16:20,168 Processed https://biz.heraldcorp.com/view.php?ud=20221216000527
2022-12-16 18:16:22,243 Processed https://biz.heraldcorp.com/view.php?ud=20221216000525
2022-12-16 18:16:24,322 Processed https://biz.heraldcorp.com/view.php?ud=20221216000521
2022-12-16 18:16:26,409 Processed https://biz.heraldcorp.com/view.php?ud=20221216000500
2022-12-16 18:16:28,500 Processed https://biz.heraldcorp.com/view.php?ud=20221216000491
2022-12-16 18:16:30,581 Processed https://biz.heraldcorp.com/view.php?ud=20221216000485
2022-12-16 18:16:32,665 Processed https://biz.heraldcorp.com/view.php?ud=20221216000481
2022-12-16 18:16:34,728 Processed https://biz.heraldcorp.com/view.php?ud=20221216000477
2022-12-16 18:16:36,873 Processed https://biz.heraldcorp.com/view.php?ud=20221216000356
2022-12-16 18:16:38,961 Processed https://biz.heraldcorp.com/view.php?ud=20221216000475
2022-12-16 18:16:41,024 Processed https://biz.heraldcorp.com/view.php?ud=20221216000397
2022-12-16 18:16:43,094 Processed https://biz.heraldcorp.com/view.php?ud=20221216000392
2022-12-16 18:16:45,201 Processed https://biz.heraldcorp.com/view.php?ud=20221216000353
2022-12-16 18:16:47,276 Processed https://biz.heraldcorp.com/view.php?ud=20221216000158
2022-12-16 18:16:49,376 Processed https://biz.heraldcorp.com/view.php?ud=20221216000109
2022-12-16 18:16:51,476 Processed https://biz.heraldcorp.com/view.php?ud=20221216000105
2022-12-16 18:16:53,560 Processed https://biz.heraldcorp.com/view.php?ud=20221216000102
2022-12-16 18:16:55,659 Processed https://biz.heraldcorp.com/view.php?ud=20221216000101
2022-12-16 18:16:57,735 Processed https://biz.heraldcorp.com/view.php?ud=20221216000098
2022-12-16 18:16:59,906 Processed https://biz.heraldcorp.com/view.php?ud=20221216000356
2022-12-16 18:17:01,982 Processed https://biz.heraldcorp.com/view.php?ud=20221216000092
2022-12-16 18:17:04,052 Processed https://biz.heraldcorp.com/view.php?ud=20221216000090
2022-12-16 18:17:06,128 Processed https://biz.heraldcorp.com/view.php?ud=20221216000075
2022-12-16 18:17:08,220 Processed https://biz.heraldcorp.com/view.php?ud=20221215000715
2022-12-16 18:17:10,273 Processed https://biz.heraldcorp.com/view.php?ud=20221215000706
2022-12-16 18:17:12,351 Processed https://biz.heraldcorp.com/view.php?ud=20221215000704
2022-12-16 18:17:14,435 Processed https://biz.heraldcorp.com/view.php?ud=20221215000669
2022-12-16 18:17:16,518 Processed https://biz.heraldcorp.com/view.php?ud=20221215000664
2022-12-16 18:17:18,599 Processed https://biz.heraldcorp.com/view.php?ud=20221215000633
2022-12-16 18:17:20,676 Processed https://biz.heraldcorp.com/view.php?ud=20221215000619
2022-12-16 18:17:22,848 Processed https://biz.heraldcorp.com/view.php?ud=20221216000356
2022-12-16 18:17:24,927 Processed https://biz.heraldcorp.com/view.php?ud=20221215000615
2022-12-16 18:17:27,023 Processed https://biz.heraldcorp.com/view.php?ud=20221215000581
2022-12-16 18:17:29,102 Processed https://biz.heraldcorp.com/view.php?ud=20221215000573
2022-12-16 18:17:31,157 Processed https://biz.heraldcorp.com/view.php?ud=20221215000518
2022-12-16 18:17:33,254 Processed https://biz.heraldcorp.com/view.php?ud=20221215000512
2022-12-16 18:17:35,328 Processed https://biz.heraldcorp.com/view.php?ud=20221215000510
2022-12-16 18:17:37,416 Processed https://biz.heraldcorp.com/view.php?ud=20221215000487
2022-12-16 18:17:39,489 Processed https://biz.heraldcorp.com/view.php?ud=20221215000478
2022-12-16 18:17:41,568 Processed https://biz.heraldcorp.com/view.php?ud=20221215000460
2022-12-16 18:17:43,655 Processed https://biz.heraldcorp.com/view.php?ud=20221215000197
2022-12-16 18:17:45,794 Processed https://biz.heraldcorp.com/view.php?ud=20221216000356
2022-12-16 18:17:47,864 Processed https://biz.heraldcorp.com/view.php?ud=20221215000171
2022-12-16 18:17:49,947 Processed https://biz.heraldcorp.com/view.php?ud=20221215000141
2022-12-16 18:17:52,026 Processed https://biz.heraldcorp.com/view.php?ud=20221215000121
2022-12-16 18:17:54,101 Processed https://biz.heraldcorp.com/view.php?ud=20221215000084
2022-12-16 18:17:56,181 Processed https://biz.heraldcorp.com/view.php?ud=20221215000071
2022-12-16 18:17:58,263 Processed https://biz.heraldcorp.com/view.php?ud=20221215000068
2022-12-16 18:18:00,358 Processed https://biz.heraldcorp.com/view.php?ud=20221215000023
2022-12-16 18:18:02,425 Processed https://biz.heraldcorp.com/view.php?ud=20221214000738
2022-12-16 18:18:04,490 Processed https://biz.heraldcorp.com/view.php?ud=20221214000737
2022-12-16 18:18:06,578 Processed https://biz.heraldcorp.com/view.php?ud=20221214000716
2022-12-16 18:18:08,742 Processed https://biz.heraldcorp.com/view.php?ud=20221216000356
2022-12-16 18:18:10,812 Processed https://biz.heraldcorp.com/view.php?ud=20221214000706
2022-12-16 18:18:12,893 Processed https://biz.heraldcorp.com/view.php?ud=20221214000696
2022-12-16 18:18:14,972 Processed https://biz.heraldcorp.com/view.php?ud=20221214000693
2022-12-16 18:18:17,058 Processed https://biz.heraldcorp.com/view.php?ud=20221214000688
2022-12-16 18:18:19,133 Processed https://biz.heraldcorp.com/view.php?ud=20221214000685
2022-12-16 18:18:21,202 Processed https://biz.heraldcorp.com/view.php?ud=20221214000678
2022-12-16 18:18:23,293 Processed https://biz.heraldcorp.com/view.php?ud=20221214000618
2022-12-16 18:18:25,377 Processed https://biz.heraldcorp.com/view.php?ud=20221214000614
2022-12-16 18:18:27,469 Processed https://biz.heraldcorp.com/view.php?ud=20221214000610
2022-12-16 18:18:29,556 Processed https://biz.heraldcorp.com/view.php?ud=20221214000605
2022-12-16 18:18:31,754 Processed https://biz.heraldcorp.com/view.php?ud=20221216000356
2022-12-16 18:18:33,832 Processed https://biz.heraldcorp.com/view.php?ud=20221214000584
2022-12-16 18:18:35,884 Processed https://biz.heraldcorp.com/view.php?ud=20221214000581
2022-12-16 18:18:37,976 Processed https://biz.heraldcorp.com/view.php?ud=20221214000569
2022-12-16 18:18:40,052 Processed https://biz.heraldcorp.com/view.php?ud=20221214000560
2022-12-16 18:18:42,136 Processed https://biz.heraldcorp.com/view.php?ud=20221214000517
2022-12-16 18:18:44,205 Processed https://biz.heraldcorp.com/view.php?ud=20221214000499
2022-12-16 18:18:46,280 Processed https://biz.heraldcorp.com/view.php?ud=20221214000464
2022-12-16 18:18:48,355 Processed https://biz.heraldcorp.com/view.php?ud=20221214000298
2022-12-16 18:18:50,435 Processed https://biz.heraldcorp.com/view.php?ud=20221214000276
2022-12-16 18:18:52,507 Processed https://biz.heraldcorp.com/view.php?ud=20221214000256
2022-12-16 18:18:54,678 Processed https://biz.heraldcorp.com/view.php?ud=20221216000356
2022-12-16 18:18:56,768 Processed https://biz.heraldcorp.com/view.php?ud=20221214000239
2022-12-16 18:18:58,847 Processed https://biz.heraldcorp.com/view.php?ud=20221214000171
2022-12-16 18:19:00,924 Processed https://biz.heraldcorp.com/view.php?ud=20221214000052
2022-12-16 18:19:03,018 Processed https://biz.heraldcorp.com/view.php?ud=20221214000036
2022-12-16 18:19:05,096 Processed https://biz.heraldcorp.com/view.php?ud=20221213000701
2022-12-16 18:19:07,174 Processed https://biz.heraldcorp.com/view.php?ud=20221213000687
2022-12-16 18:19:09,261 Processed https://biz.heraldcorp.com/view.php?ud=20221213000682
2022-12-16 18:19:11,337 Processed https://biz.heraldcorp.com/view.php?ud=20221213000677
2022-12-16 18:19:13,420 Processed https://biz.heraldcorp.com/view.php?ud=20221213000670
2022-12-16 18:19:15,480 Processed https://biz.heraldcorp.com/view.php?ud=20221213000646
2022-12-16 18:19:17,635 Processed https://biz.heraldcorp.com/view.php?ud=20221216000356
2022-12-16 18:19:19,715 Processed https://biz.heraldcorp.com/view.php?ud=20221213000645
2022-12-16 18:19:21,782 Processed https://biz.heraldcorp.com/view.php?ud=20221213000644
2022-12-16 18:19:23,878 Processed https://biz.heraldcorp.com/view.php?ud=20221213000630
2022-12-16 18:19:25,967 Processed https://biz.heraldcorp.com/view.php?ud=20221213000628
2022-12-16 18:19:28,035 Processed https://biz.heraldcorp.com/view.php?ud=20221213000614
2022-12-16 18:19:30,109 Processed https://biz.heraldcorp.com/view.php?ud=20221213000580
2022-12-16 18:19:32,198 Processed https://biz.heraldcorp.com/view.php?ud=20221213000520
2022-12-16 18:19:34,278 Processed https://biz.heraldcorp.com/view.php?ud=20221213000509
2022-12-16 18:19:36,342 Processed https://biz.heraldcorp.com/view.php?ud=20221213000498
2022-12-16 18:19:38,433 Processed https://biz.heraldcorp.com/view.php?ud=20221213000493
2022-12-16 18:19:40,587 Processed https://biz.heraldcorp.com/view.php?ud=20221216000356
2022-12-16 18:19:42,668 Processed https://biz.heraldcorp.com/view.php?ud=20221213000492
2022-12-16 18:19:44,754 Processed https://biz.heraldcorp.com/view.php?ud=20221213000491
2022-12-16 18:19:46,839 Processed https://biz.heraldcorp.com/view.php?ud=20221213000490
2022-12-16 18:19:48,918 Processed https://biz.heraldcorp.com/view.php?ud=20221213000488
2022-12-16 18:19:50,999 Processed https://biz.heraldcorp.com/view.php?ud=20221213000186
2022-12-16 18:19:53,076 Processed https://biz.heraldcorp.com/view.php?ud=20221213000152
2022-12-16 18:19:55,145 Processed https://biz.heraldcorp.com/view.php?ud=20221213000133
2022-12-16 18:19:57,219 Processed https://biz.heraldcorp.com/view.php?ud=20221213000124
2022-12-16 18:19:59,333 Processed https://biz.heraldcorp.com/view.php?ud=20221213000117
2022-12-16 18:20:01,424 Processed https://biz.heraldcorp.com/view.php?ud=20221212000653
2022-12-16 18:20:03,595 Processed https://biz.heraldcorp.com/view.php?ud=20221216000356
2022-12-16 18:20:05,671 Processed https://biz.heraldcorp.com/view.php?ud=202212161303174531965_10
2022-12-16 18:20:07,748 Processed https://biz.heraldcorp.com/view.php?ud=202212161242204526796_10
2022-12-16 18:20:09,806 Processed https://biz.heraldcorp.com/view.php?ud=202212161001244301091_10
2022-12-16 18:20:11,878 Processed https://biz.heraldcorp.com/view.php?ud=202212160934344248024_10
2022-12-16 18:20:13,976 Processed https://biz.heraldcorp.com/view.php?ud=202212160931584223655_10
2022-12-16 18:20:16,076 Processed https://biz.heraldcorp.com/view.php?ud=202212160925304202084_10
2022-12-16 18:20:18,149 Processed https://biz.heraldcorp.com/view.php?ud=202212160922414198401_10
2022-12-16 18:20:20,230 Processed https://biz.heraldcorp.com/view.php?ud=202212160921154182854_10
2022-12-16 18:20:22,314 Processed https://biz.heraldcorp.com/view.php?ud=202212160913074169854_10
2022-12-16 18:20:24,415 Processed https://biz.heraldcorp.com/view.php?ud=202212152125323469092_10
2022-12-16 18:20:26,565 Processed https://biz.heraldcorp.com/view.php?ud=20221216000356
2022-12-16 18:20:28,634 Processed https://biz.heraldcorp.com/view.php?ud=202212151709323203522_10
2022-12-16 18:20:30,736 Processed https://biz.heraldcorp.com/view.php?ud=202212151605193011504_10
2022-12-16 18:20:32,849 Processed https://biz.heraldcorp.com/view.php?ud=202212151552142993358_10
2022-12-16 18:20:34,948 Processed https://biz.heraldcorp.com/view.php?ud=202212151540342955142_10
2022-12-16 18:20:37,047 Processed https://biz.heraldcorp.com/view.php?ud=202212151428012645121_10
2022-12-16 18:20:39,126 Processed https://biz.heraldcorp.com/view.php?ud=202212151406072503981_10
2022-12-16 18:20:41,205 Processed https://biz.heraldcorp.com/view.php?ud=202212151214092114175_10
2022-12-16 18:20:43,303 Processed https://biz.heraldcorp.com/view.php?ud=202212151157082095927_10
2022-12-16 18:20:45,386 Processed https://biz.heraldcorp.com/view.php?ud=202212151145172067864_10
2022-12-16 18:20:47,475 Processed https://biz.heraldcorp.com/view.php?ud=202212151126061983713_10
2022-12-16 18:20:49,594 Processed https://biz.heraldcorp.com/view.php?ud=20221216000356
2022-12-16 18:20:51,658 Processed https://biz.heraldcorp.com/view.php?ud=202212150734081316262_10
2022-12-16 18:20:53,743 Processed https://biz.heraldcorp.com/view.php?ud=202212150732091296356_10
2022-12-16 18:20:55,813 Processed https://biz.heraldcorp.com/view.php?ud=202212150728321267645_10
2022-12-16 18:20:57,891 Processed https://biz.heraldcorp.com/view.php?ud=202212150722501258246_10
2022-12-16 18:20:59,993 Processed https://biz.heraldcorp.com/view.php?ud=202212150720341246873_10
2022-12-16 18:21:02,053 Processed https://biz.heraldcorp.com/view.php?ud=202212150718041225292_10
2022-12-16 18:21:04,134 Processed https://biz.heraldcorp.com/view.php?ud=202212150714001219385_10
2022-12-16 18:21:06,211 Processed https://biz.heraldcorp.com/view.php?ud=202212142258011059891_10
2022-12-16 18:21:08,294 Processed https://biz.heraldcorp.com/view.php?ud=202212142230180999274_10
2022-12-16 18:21:10,377 Processed https://biz.heraldcorp.com/view.php?ud=202212142116490813638_10
2022-12-16 18:21:12,538 Processed https://biz.heraldcorp.com/view.php?ud=20221216000356
2022-12-16 18:21:14,616 Processed https://biz.heraldcorp.com/view.php?ud=202212142009220679909_10
2022-12-16 18:21:16,720 Processed https://biz.heraldcorp.com/view.php?ud=202212141759340594859_10
2022-12-16 18:21:18,778 Processed https://biz.heraldcorp.com/view.php?ud=202212141701570468007_10
2022-12-16 18:21:20,853 Processed https://biz.heraldcorp.com/view.php?ud=202212141646520343855_10
2022-12-16 18:21:22,940 Processed https://biz.heraldcorp.com/view.php?ud=202212141631510312091_10
2022-12-16 18:21:25,027 Processed https://biz.heraldcorp.com/view.php?ud=202212141341199918572_10
2022-12-16 18:21:27,105 Processed https://biz.heraldcorp.com/view.php?ud=202212141105249337189_10
2022-12-16 18:21:29,186 Processed https://biz.heraldcorp.com/view.php?ud=202212141046049258131_10
2022-12-16 18:21:31,265 Processed https://biz.heraldcorp.com/view.php?ud=202212141028499238089_10
2022-12-16 18:21:33,344 Processed https://biz.heraldcorp.com/view.php?ud=202212141004319183587_10
2022-12-16 18:21:35,442 Processed https://biz.heraldcorp.com/view.php?ud=20221216000356
2022-12-16 18:21:37,515 Processed https://biz.heraldcorp.com/view.php?ud=202212140534538738428_10
2022-12-16 18:21:39,598 Processed https://biz.heraldcorp.com/view.php?ud=202212140531298727161_10
2022-12-16 18:21:41,690 Processed https://biz.heraldcorp.com/view.php?ud=202212140527488718455_10
2022-12-16 18:21:43,769 Processed https://biz.heraldcorp.com/view.php?ud=202212140524588700890_10
2022-12-16 18:21:45,842 Processed https://biz.heraldcorp.com/view.php?ud=202212140523098698856_10
2022-12-16 18:21:47,937 Processed https://biz.heraldcorp.com/view.php?ud=202212140521038684941_10
2022-12-16 18:21:50,023 Processed https://biz.heraldcorp.com/view.php?ud=202212140518308678333_10
2022-12-16 18:21:52,112 Processed https://biz.heraldcorp.com/view.php?ud=202212140514538668916_10
2022-12-16 18:21:54,197 Processed https://biz.heraldcorp.com/view.php?ud=202212140502128653009_10
2022-12-16 18:21:56,267 Processed https://biz.heraldcorp.com/view.php?ud=202212140500178642746_10
2022-12-16 18:21:58,459 Processed https://biz.heraldcorp.com/view.php?ud=20221216000356
2022-12-16 18:22:00,539 Processed https://biz.heraldcorp.com/view.php?ud=202212140450428634609_10
2022-12-16 18:22:02,653 Processed https://biz.heraldcorp.com/view.php?ud=202212140357078621084_10
2022-12-16 18:22:04,727 Processed https://biz.heraldcorp.com/view.php?ud=202212132019478288078_10
2022-12-16 18:22:06,775 Processed https://biz.heraldcorp.com/view.php?ud=202212131936528115636_10
2022-12-16 18:22:08,872 Processed https://biz.heraldcorp.com/view.php?ud=202212131825377963707_10
2022-12-16 18:22:10,956 Processed https://biz.heraldcorp.com/view.php?ud=202212131734587888926_10
2022-12-16 18:22:13,044 Processed https://biz.heraldcorp.com/view.php?ud=202212131410567431061_10
2022-12-16 18:22:15,122 Processed https://biz.heraldcorp.com/view.php?ud=202212131618057715645_10
2022-12-16 18:22:17,189 Processed https://biz.heraldcorp.com/view.php?ud=202212131554147655931_10
2022-12-16 18:22:19,274 Processed https://biz.heraldcorp.com/view.php?ud=202212131539257616349_10
2022-12-16 18:22:21,427 Processed https://biz.heraldcorp.com/view.php?ud=20221216000356
2022-12-16 18:22:23,516 Processed https://biz.heraldcorp.com/view.php?ud=202212131501397520914_10
2022-12-16 18:22:25,598 Processed https://biz.heraldcorp.com/view.php?ud=202212131431087489816_10
2022-12-16 18:22:27,681 Processed https://biz.heraldcorp.com/view.php?ud=202212131145297097505_10
2022-12-16 18:22:29,767 Processed https://biz.heraldcorp.com/view.php?ud=202212131128517032674_10
2022-12-16 18:22:31,848 Processed https://biz.heraldcorp.com/view.php?ud=202212131112536942830_10
2022-12-16 18:22:33,932 Processed https://biz.heraldcorp.com/view.php?ud=202212130804356508442_10
2022-12-16 18:22:36,019 Processed https://biz.heraldcorp.com/view.php?ud=202212130801576480611_10
2022-12-16 18:22:38,088 Processed https://biz.heraldcorp.com/view.php?ud=202212130800016479478_10
2022-12-16 18:22:40,151 Processed https://biz.heraldcorp.com/view.php?ud=202212130758246455025_10
2022-12-16 18:22:42,235 Processed https://biz.heraldcorp.com/view.php?ud=202212130756206449944_10
2022-12-16 18:22:44,425 Processed https://biz.heraldcorp.com/view.php?ud=20221216000356
2022-12-16 18:22:46,483 Processed https://biz.heraldcorp.com/view.php?ud=202212130754046429252_10
2022-12-16 18:22:48,578 Processed https://biz.heraldcorp.com/view.php?ud=202212122113256006114_10
2022-12-16 18:22:50,655 Processed https://biz.heraldcorp.com/view.php?ud=202212122041155958666_10
2022-12-16 18:22:52,734 Processed https://biz.heraldcorp.com/view.php?ud=202212122021365944231_10
2022-12-16 18:22:54,824 Processed https://biz.heraldcorp.com/view.php?ud=202212122006505917163_10
2022-12-16 18:22:56,907 Processed https://biz.heraldcorp.com/view.php?ud=202212121418185306328_10
2022-12-16 18:22:59,004 Processed https://biz.heraldcorp.com/view.php?ud=202212121356225242370_10
2022-12-16 18:23:01,077 Processed https://biz.heraldcorp.com/view.php?ud=202212121240145100470_10
2022-12-16 18:23:03,171 Processed https://biz.heraldcorp.com/view.php?ud=202212121117264940508_10
2022-12-16 18:23:05,249 Processed https://biz.heraldcorp.com/view.php?ud=202212121037304777577_10
2022-12-16 18:23:07,412 Processed https://biz.heraldcorp.com/view.php?ud=20221216000356
2022-12-16 18:23:09,472 Processed https://biz.heraldcorp.com/view.php?ud=202212120951324509722_10
2022-12-16 18:23:11,557 Processed https://biz.heraldcorp.com/view.php?ud=202212120759184158689_10
2022-12-16 18:23:13,626 Processed https://biz.heraldcorp.com/view.php?ud=202212120757224146094_10
2022-12-16 18:23:15,721 Processed https://biz.heraldcorp.com/view.php?ud=202212120755514130349_10
2022-12-16 18:23:17,794 Processed https://biz.heraldcorp.com/view.php?ud=202212120753564117403_10
2022-12-16 18:23:19,872 Processed https://biz.heraldcorp.com/view.php?ud=202212120752024104239_10
2022-12-16 18:23:21,959 Processed https://biz.heraldcorp.com/view.php?ud=202212120750314092442_10
2022-12-16 18:23:24,044 Processed https://biz.heraldcorp.com/view.php?ud=202212120747224062858_10
2022-12-16 18:23:26,127 Processed https://biz.heraldcorp.com/view.php?ud=202212120745424059445_10
2022-12-16 18:23:28,179 Processed https://biz.heraldcorp.com/view.php?ud=202212120743594036109_10
2022-12-16 18:23:30,338 Processed https://biz.heraldcorp.com/view.php?ud=20221216000356
2022-12-16 18:23:32,411 Processed https://biz.heraldcorp.com/view.php?ud=202212120742104024470_10
2022-12-16 18:23:34,499 Processed https://biz.heraldcorp.com/view.php?ud=202212120740314003207_10
2022-12-16 18:23:36,586 Processed https://biz.heraldcorp.com/view.php?ud=202212120734433982471_10
2022-12-16 18:23:38,672 Processed https://biz.heraldcorp.com/view.php?ud=202212120734133975437_10
2022-12-16 18:23:40,745 Processed https://biz.heraldcorp.com/view.php?ud=202212120718193923659_10
2022-12-16 18:23:42,830 Processed https://biz.heraldcorp.com/view.php?ud=202212111942273621605_10
2022-12-16 18:23:44,921 Processed https://biz.heraldcorp.com/view.php?ud=202212111001442598999_10
2022-12-16 18:23:47,001 Processed https://biz.heraldcorp.com/view.php?ud=202212111641343458238_10
2022-12-16 18:23:49,090 Processed https://biz.heraldcorp.com/view.php?ud=202212111623433403878_10
2022-12-16 18:23:51,198 Processed https://biz.heraldcorp.com/view.php?ud=202212111351363129181_10
2022-12-16 18:23:53,323 End Scraping
2022-12-16 18:23:53,324 -SCRAPPY end-
