2022-12-14 13:09:29,899 -SCRAPPY start-
2022-12-14 13:09:42,420 retrieved 109 links
2022-12-14 13:09:42,420 Start Scraping
2022-12-14 13:09:42,541 Processed https://biz.heraldcorp.com/view.php?ud=20221214000509
2022-12-14 13:09:44,648 Processed https://biz.heraldcorp.com/view.php?ud=20221214000507
2022-12-14 13:09:46,741 Processed https://biz.heraldcorp.com/view.php?ud=20221214000496
2022-12-14 13:09:48,839 Processed https://biz.heraldcorp.com/view.php?ud=20221214000478
2022-12-14 13:09:50,929 Processed https://biz.heraldcorp.com/view.php?ud=20221214000475
2022-12-14 13:09:52,993 Processed https://biz.heraldcorp.com/view.php?ud=20221214000442
2022-12-14 13:09:55,088 Processed https://biz.heraldcorp.com/view.php?ud=20221214000434
2022-12-14 13:09:57,188 Processed https://biz.heraldcorp.com/view.php?ud=20221214000430
2022-12-14 13:09:59,288 Processed https://biz.heraldcorp.com/view.php?ud=20221214000428
2022-12-14 13:10:01,426 Processed https://biz.heraldcorp.com/view.php?ud=20221214000429
2022-12-14 13:10:03,534 Processed https://biz.heraldcorp.com/view.php?ud=20221214000509
2022-12-14 13:10:05,627 Processed https://biz.heraldcorp.com/view.php?ud=20221214000379
2022-12-14 13:10:07,736 Processed https://biz.heraldcorp.com/view.php?ud=20221214000314
2022-12-14 13:10:09,853 Processed https://biz.heraldcorp.com/view.php?ud=20221214000310
2022-12-14 13:10:11,967 Processed https://biz.heraldcorp.com/view.php?ud=20221214000297
2022-12-14 13:10:14,084 Processed https://biz.heraldcorp.com/view.php?ud=20221214000295
2022-12-14 13:10:16,171 Processed https://biz.heraldcorp.com/view.php?ud=20221214000291
2022-12-14 13:10:18,265 Processed https://biz.heraldcorp.com/view.php?ud=20221214000294
2022-12-14 13:10:20,392 Processed https://biz.heraldcorp.com/view.php?ud=20221214000293
2022-12-14 13:10:22,486 Processed https://biz.heraldcorp.com/view.php?ud=20221214000292
2022-12-14 13:10:24,574 Processed https://biz.heraldcorp.com/view.php?ud=20221214000290
2022-12-14 13:10:26,684 Processed https://biz.heraldcorp.com/view.php?ud=20221214000509
2022-12-14 13:10:28,806 Processed https://biz.heraldcorp.com/view.php?ud=20221214000262
2022-12-14 13:10:30,907 Processed https://biz.heraldcorp.com/view.php?ud=20221214000261
2022-12-14 13:10:33,007 Processed https://biz.heraldcorp.com/view.php?ud=20221214000248
2022-12-14 13:10:35,118 Processed https://biz.heraldcorp.com/view.php?ud=20221214000233
2022-12-14 13:10:37,213 Processed https://biz.heraldcorp.com/view.php?ud=20221214000232
2022-12-14 13:10:39,323 Processed https://biz.heraldcorp.com/view.php?ud=20221214000227
2022-12-14 13:10:41,433 Processed https://biz.heraldcorp.com/view.php?ud=20221214000219
2022-12-14 13:10:43,575 Processed https://biz.heraldcorp.com/view.php?ud=20221214000192
2022-12-14 13:10:45,699 Processed https://biz.heraldcorp.com/view.php?ud=20221214000187
2022-12-14 13:10:47,801 Processed https://biz.heraldcorp.com/view.php?ud=20221214000180
2022-12-14 13:10:49,904 Processed https://biz.heraldcorp.com/view.php?ud=20221214000509
2022-12-14 13:10:52,014 Processed https://biz.heraldcorp.com/view.php?ud=20221214000169
2022-12-14 13:10:54,113 Processed https://biz.heraldcorp.com/view.php?ud=20221214000149
2022-12-14 13:10:56,269 Processed https://biz.heraldcorp.com/view.php?ud=20221214000134
2022-12-14 13:10:58,366 Processed https://biz.heraldcorp.com/view.php?ud=20221214000132
2022-12-14 13:11:00,459 Processed https://biz.heraldcorp.com/view.php?ud=20221214000117
2022-12-14 13:11:02,574 Processed https://biz.heraldcorp.com/view.php?ud=20221214000113
2022-12-14 13:11:04,662 Processed https://biz.heraldcorp.com/view.php?ud=20221214000107
2022-12-14 13:11:06,798 Processed https://biz.heraldcorp.com/view.php?ud=20221214000106
2022-12-14 13:11:08,895 Processed https://biz.heraldcorp.com/view.php?ud=20221214000104
2022-12-14 13:11:10,989 Processed https://biz.heraldcorp.com/view.php?ud=20221214000097
2022-12-14 13:11:13,093 Processed https://biz.heraldcorp.com/view.php?ud=20221214000509
2022-12-14 13:11:15,197 Processed https://biz.heraldcorp.com/view.php?ud=20221214000090
2022-12-14 13:11:17,320 Processed https://biz.heraldcorp.com/view.php?ud=20221214000088
2022-12-14 13:11:19,462 Processed https://biz.heraldcorp.com/view.php?ud=20221214000086
2022-12-14 13:11:21,526 Processed https://biz.heraldcorp.com/view.php?ud=20221214000081
2022-12-14 13:11:23,638 Processed https://biz.heraldcorp.com/view.php?ud=20221214000077
2022-12-14 13:11:25,740 Processed https://biz.heraldcorp.com/view.php?ud=20221214000069
2022-12-14 13:11:27,839 Processed https://biz.heraldcorp.com/view.php?ud=20221214000067
2022-12-14 13:11:29,933 Processed https://biz.heraldcorp.com/view.php?ud=20221214000065
2022-12-14 13:11:32,039 Processed https://biz.heraldcorp.com/view.php?ud=20221214000061
2022-12-14 13:11:34,130 Processed https://biz.heraldcorp.com/view.php?ud=20221213000717
2022-12-14 13:11:36,224 Processed https://biz.heraldcorp.com/view.php?ud=20221214000509
2022-12-14 13:11:38,340 Processed https://biz.heraldcorp.com/view.php?ud=20221214000046
2022-12-14 13:11:40,475 Processed https://biz.heraldcorp.com/view.php?ud=20221214000039
2022-12-14 13:11:42,576 Processed https://biz.heraldcorp.com/view.php?ud=20221214000028
2022-12-14 13:11:44,685 Processed https://biz.heraldcorp.com/view.php?ud=20221214000025
2022-12-14 13:11:46,800 Processed https://biz.heraldcorp.com/view.php?ud=20221213000704
2022-12-14 13:11:48,923 Processed https://biz.heraldcorp.com/view.php?ud=20221213000685
2022-12-14 13:11:51,058 Processed https://biz.heraldcorp.com/view.php?ud=20221213000679
2022-12-14 13:11:53,158 Processed https://biz.heraldcorp.com/view.php?ud=20221213000669
2022-12-14 13:11:55,227 Processed https://biz.heraldcorp.com/view.php?ud=20221213000667
2022-12-14 13:11:57,329 Processed https://biz.heraldcorp.com/view.php?ud=20221213000656
2022-12-14 13:11:59,442 Processed https://biz.heraldcorp.com/view.php?ud=20221214000509
2022-12-14 13:12:01,501 Processed https://biz.heraldcorp.com/view.php?ud=20221213000655
2022-12-14 13:12:03,608 Processed https://biz.heraldcorp.com/view.php?ud=20221213000653
2022-12-14 13:12:05,724 Processed https://biz.heraldcorp.com/view.php?ud=20221213000652
2022-12-14 13:12:07,829 Processed https://biz.heraldcorp.com/view.php?ud=20221213000607
2022-12-14 13:12:09,939 Processed https://biz.heraldcorp.com/view.php?ud=20221213000579
2022-12-14 13:12:12,035 Processed https://biz.heraldcorp.com/view.php?ud=20221213000578
2022-12-14 13:12:14,137 Processed https://biz.heraldcorp.com/view.php?ud=20221213000554
2022-12-14 13:12:16,245 Processed https://biz.heraldcorp.com/view.php?ud=20221213000534
2022-12-14 13:12:18,364 Processed https://biz.heraldcorp.com/view.php?ud=20221213000489
2022-12-14 13:12:20,470 Processed https://biz.heraldcorp.com/view.php?ud=20221213000483
2022-12-14 13:12:22,570 Processed https://biz.heraldcorp.com/view.php?ud=20221214000509
2022-12-14 13:12:24,675 Processed https://biz.heraldcorp.com/view.php?ud=20221213000473
2022-12-14 13:12:26,778 Processed https://biz.heraldcorp.com/view.php?ud=20221213000467
2022-12-14 13:12:28,923 Processed https://biz.heraldcorp.com/view.php?ud=20221213000464
2022-12-14 13:12:31,025 Processed https://biz.heraldcorp.com/view.php?ud=20221213000434
2022-12-14 13:12:33,155 Processed https://biz.heraldcorp.com/view.php?ud=20221213000430
2022-12-14 13:12:35,305 Processed https://biz.heraldcorp.com/view.php?ud=20221213000416
2022-12-14 13:12:37,414 Processed https://biz.heraldcorp.com/view.php?ud=20221213000413
2022-12-14 13:12:39,542 Processed https://biz.heraldcorp.com/view.php?ud=20221213000331
2022-12-14 13:12:41,640 Processed https://biz.heraldcorp.com/view.php?ud=20221213000330
2022-12-14 13:12:43,740 Processed https://biz.heraldcorp.com/view.php?ud=20221213000325
2022-12-14 13:12:45,848 Processed https://biz.heraldcorp.com/view.php?ud=20221214000509
2022-12-14 13:12:47,939 Processed https://biz.heraldcorp.com/view.php?ud=20221213000280
2022-12-14 13:12:50,029 Processed https://biz.heraldcorp.com/view.php?ud=20221213000273
2022-12-14 13:12:52,157 Processed https://biz.heraldcorp.com/view.php?ud=20221213000269
2022-12-14 13:12:54,271 Processed https://biz.heraldcorp.com/view.php?ud=20221213000268
2022-12-14 13:12:56,374 Processed https://biz.heraldcorp.com/view.php?ud=20221213000267
2022-12-14 13:12:58,484 Processed https://biz.heraldcorp.com/view.php?ud=20221213000249
2022-12-14 13:13:00,594 Processed https://biz.heraldcorp.com/view.php?ud=20221213000233
2022-12-14 13:13:02,721 Processed https://biz.heraldcorp.com/view.php?ud=20221213000216
2022-12-14 13:13:04,816 Processed https://biz.heraldcorp.com/view.php?ud=20221213000184
2022-12-14 13:13:06,930 Processed https://biz.heraldcorp.com/view.php?ud=20221213000147
2022-12-14 13:13:09,031 Processed https://biz.heraldcorp.com/view.php?ud=20221214000509
2022-12-14 13:13:11,125 Processed https://biz.heraldcorp.com/view.php?ud=20221213000148
2022-12-14 13:13:13,228 Processed https://biz.heraldcorp.com/view.php?ud=20221213000146
2022-12-14 13:13:15,339 Processed https://biz.heraldcorp.com/view.php?ud=20221213000145
2022-12-14 13:13:17,437 Processed https://biz.heraldcorp.com/view.php?ud=20221213000136
2022-12-14 13:13:19,539 Processed https://biz.heraldcorp.com/view.php?ud=20221213000112
2022-12-14 13:13:21,635 Processed https://biz.heraldcorp.com/view.php?ud=20221213000109
2022-12-14 13:13:23,689 Processed https://biz.heraldcorp.com/view.php?ud=20221213000101
2022-12-14 13:13:25,789 Processed https://biz.heraldcorp.com/view.php?ud=20221213000100
2022-12-14 13:13:27,887 Processed https://biz.heraldcorp.com/view.php?ud=20221213000094
2022-12-14 13:13:29,978 Processed https://biz.heraldcorp.com/view.php?ud=20221213000095
2022-12-14 13:13:31,991 End Scraping
2022-12-14 13:13:31,991 -SCRAPPY end-
