2022-12-14 12:34:11,482 SCRAPPY start
2022-12-14 12:34:13,619 retrieved 10 links
2022-12-14 12:34:13,619 Start Scraping
2022-12-14 12:34:13,620 Processing https://biz.heraldcorp.com/view.php?ud=20221214000507
2022-12-14 12:34:13,722 Finished Processing
2022-12-14 12:34:15,724 Processing https://biz.heraldcorp.com/view.php?ud=20221214000496
2022-12-14 12:34:15,844 Finished Processing
2022-12-14 12:34:17,847 Processing https://biz.heraldcorp.com/view.php?ud=20221214000478
2022-12-14 12:34:17,950 Finished Processing
2022-12-14 12:34:19,952 Processing https://biz.heraldcorp.com/view.php?ud=20221214000475
2022-12-14 12:34:20,043 Finished Processing
2022-12-14 12:34:22,046 Processing https://biz.heraldcorp.com/view.php?ud=20221214000442
2022-12-14 12:34:22,101 Finished Processing
2022-12-14 12:34:24,104 Processing https://biz.heraldcorp.com/view.php?ud=20221214000434
2022-12-14 12:34:24,204 Finished Processing
2022-12-14 12:34:26,207 Processing https://biz.heraldcorp.com/view.php?ud=20221214000430
2022-12-14 12:34:26,300 Finished Processing
2022-12-14 12:34:28,302 Processing https://biz.heraldcorp.com/view.php?ud=20221214000428
2022-12-14 12:34:28,398 Finished Processing
2022-12-14 12:34:30,400 Processing https://biz.heraldcorp.com/view.php?ud=20221214000429
2022-12-14 12:34:30,488 Finished Processing
2022-12-14 12:34:32,491 Processing https://biz.heraldcorp.com/view.php?ud=20221214000379
2022-12-14 12:34:32,583 Finished Processing
2022-12-14 12:34:34,586 End Scraping
2022-12-14 12:34:34,589 SCRAPPY end
