2022-12-14 12:38:41,250 -SCRAPPY start-
2022-12-14 12:39:32,983 retrieved 109 links
2022-12-14 12:39:32,983 Start Scraping
2022-12-14 12:39:33,079 Processed https://biz.heraldcorp.com/view.php?ud=20221214000509
2022-12-14 12:39:35,184 Processed https://biz.heraldcorp.com/view.php?ud=20221214000507
2022-12-14 12:39:37,289 Processed https://biz.heraldcorp.com/view.php?ud=20221214000496
2022-12-14 12:39:39,388 Processed https://biz.heraldcorp.com/view.php?ud=20221214000478
2022-12-14 12:39:41,502 Processed https://biz.heraldcorp.com/view.php?ud=20221214000475
2022-12-14 12:39:43,560 Processed https://biz.heraldcorp.com/view.php?ud=20221214000442
2022-12-14 12:39:45,667 Processed https://biz.heraldcorp.com/view.php?ud=20221214000434
2022-12-14 12:39:47,765 Processed https://biz.heraldcorp.com/view.php?ud=20221214000430
2022-12-14 12:39:49,879 Processed https://biz.heraldcorp.com/view.php?ud=20221214000428
2022-12-14 12:39:51,975 Processed https://biz.heraldcorp.com/view.php?ud=20221214000429
2022-12-14 12:39:54,071 Processed https://biz.heraldcorp.com/view.php?ud=20221214000509
2022-12-14 12:39:56,184 Processed https://biz.heraldcorp.com/view.php?ud=20221214000379
2022-12-14 12:39:58,285 Processed https://biz.heraldcorp.com/view.php?ud=20221214000314
2022-12-14 12:40:00,412 Processed https://biz.heraldcorp.com/view.php?ud=20221214000310
2022-12-14 12:40:02,536 Processed https://biz.heraldcorp.com/view.php?ud=20221214000297
2022-12-14 12:40:04,644 Processed https://biz.heraldcorp.com/view.php?ud=20221214000295
2022-12-14 12:40:06,748 Processed https://biz.heraldcorp.com/view.php?ud=20221214000291
2022-12-14 12:40:08,846 Processed https://biz.heraldcorp.com/view.php?ud=20221214000294
2022-12-14 12:40:10,943 Processed https://biz.heraldcorp.com/view.php?ud=20221214000293
2022-12-14 12:40:13,066 Processed https://biz.heraldcorp.com/view.php?ud=20221214000292
2022-12-14 12:40:15,169 Processed https://biz.heraldcorp.com/view.php?ud=20221214000290
2022-12-14 12:40:17,272 Processed https://biz.heraldcorp.com/view.php?ud=20221214000509
2022-12-14 12:40:19,420 Processed https://biz.heraldcorp.com/view.php?ud=20221214000262
2022-12-14 12:40:21,537 Processed https://biz.heraldcorp.com/view.php?ud=20221214000261
2022-12-14 12:40:23,633 Processed https://biz.heraldcorp.com/view.php?ud=20221214000248
2022-12-14 12:40:25,745 Processed https://biz.heraldcorp.com/view.php?ud=20221214000233
2022-12-14 12:40:27,861 Processed https://biz.heraldcorp.com/view.php?ud=20221214000232
2022-12-14 12:40:29,976 Processed https://biz.heraldcorp.com/view.php?ud=20221214000227
2022-12-14 12:40:32,105 Processed https://biz.heraldcorp.com/view.php?ud=20221214000219
2022-12-14 12:40:34,219 Processed https://biz.heraldcorp.com/view.php?ud=20221214000192
2022-12-14 12:40:36,342 Processed https://biz.heraldcorp.com/view.php?ud=20221214000187
2022-12-14 12:40:38,455 Processed https://biz.heraldcorp.com/view.php?ud=20221214000180
2022-12-14 12:40:40,553 Processed https://biz.heraldcorp.com/view.php?ud=20221214000509
2022-12-14 12:40:42,679 Processed https://biz.heraldcorp.com/view.php?ud=20221214000169
2022-12-14 12:40:44,797 Processed https://biz.heraldcorp.com/view.php?ud=20221214000149
2022-12-14 12:40:46,903 Processed https://biz.heraldcorp.com/view.php?ud=20221214000134
2022-12-14 12:40:49,008 Processed https://biz.heraldcorp.com/view.php?ud=20221214000132
2022-12-14 12:40:51,116 Processed https://biz.heraldcorp.com/view.php?ud=20221214000117
2022-12-14 12:40:53,235 Processed https://biz.heraldcorp.com/view.php?ud=20221214000113
2022-12-14 12:40:55,340 Processed https://biz.heraldcorp.com/view.php?ud=20221214000107
2022-12-14 12:40:57,486 Processed https://biz.heraldcorp.com/view.php?ud=20221214000106
2022-12-14 12:40:59,579 Processed https://biz.heraldcorp.com/view.php?ud=20221214000104
2022-12-14 12:41:01,693 Processed https://biz.heraldcorp.com/view.php?ud=20221214000097
2022-12-14 12:41:03,790 Processed https://biz.heraldcorp.com/view.php?ud=20221214000509
2022-12-14 12:41:05,902 Processed https://biz.heraldcorp.com/view.php?ud=20221214000090
2022-12-14 12:41:08,007 Processed https://biz.heraldcorp.com/view.php?ud=20221214000088
2022-12-14 12:41:10,135 Processed https://biz.heraldcorp.com/view.php?ud=20221214000086
2022-12-14 12:41:12,204 Processed https://biz.heraldcorp.com/view.php?ud=20221214000081
2022-12-14 12:41:14,317 Processed https://biz.heraldcorp.com/view.php?ud=20221214000077
2022-12-14 12:41:16,433 Processed https://biz.heraldcorp.com/view.php?ud=20221214000069
2022-12-14 12:41:18,547 Processed https://biz.heraldcorp.com/view.php?ud=20221214000067
2022-12-14 12:41:20,648 Processed https://biz.heraldcorp.com/view.php?ud=20221214000065
2022-12-14 12:41:22,745 Processed https://biz.heraldcorp.com/view.php?ud=20221214000061
2022-12-14 12:41:24,860 Processed https://biz.heraldcorp.com/view.php?ud=20221213000717
2022-12-14 12:41:26,963 Processed https://biz.heraldcorp.com/view.php?ud=20221214000509
2022-12-14 12:41:29,076 Processed https://biz.heraldcorp.com/view.php?ud=20221214000046
2022-12-14 12:41:31,162 Processed https://biz.heraldcorp.com/view.php?ud=20221214000039
2022-12-14 12:41:33,252 Processed https://biz.heraldcorp.com/view.php?ud=20221214000028
2022-12-14 12:41:35,360 Processed https://biz.heraldcorp.com/view.php?ud=20221214000025
2022-12-14 12:41:37,471 Processed https://biz.heraldcorp.com/view.php?ud=20221213000704
2022-12-14 12:41:39,592 Processed https://biz.heraldcorp.com/view.php?ud=20221213000685
2022-12-14 12:41:41,684 Processed https://biz.heraldcorp.com/view.php?ud=20221213000679
2022-12-14 12:41:43,786 Processed https://biz.heraldcorp.com/view.php?ud=20221213000669
2022-12-14 12:41:45,843 Processed https://biz.heraldcorp.com/view.php?ud=20221213000667
2022-12-14 12:41:47,944 Processed https://biz.heraldcorp.com/view.php?ud=20221213000656
2022-12-14 12:41:50,058 Processed https://biz.heraldcorp.com/view.php?ud=20221214000509
2022-12-14 12:41:52,135 Processed https://biz.heraldcorp.com/view.php?ud=20221213000655
2022-12-14 12:41:54,254 Processed https://biz.heraldcorp.com/view.php?ud=20221213000653
2022-12-14 12:41:56,367 Processed https://biz.heraldcorp.com/view.php?ud=20221213000652
2022-12-14 12:41:58,462 Processed https://biz.heraldcorp.com/view.php?ud=20221213000607
2022-12-14 12:42:00,574 Processed https://biz.heraldcorp.com/view.php?ud=20221213000579
2022-12-14 12:42:02,679 Processed https://biz.heraldcorp.com/view.php?ud=20221213000578
2022-12-14 12:42:04,823 Processed https://biz.heraldcorp.com/view.php?ud=20221213000554
2022-12-14 12:42:06,926 Processed https://biz.heraldcorp.com/view.php?ud=20221213000534
2022-12-14 12:42:09,050 Processed https://biz.heraldcorp.com/view.php?ud=20221213000489
2022-12-14 12:42:11,165 Processed https://biz.heraldcorp.com/view.php?ud=20221213000483
2022-12-14 12:42:13,270 Processed https://biz.heraldcorp.com/view.php?ud=20221214000509
2022-12-14 12:42:15,395 Processed https://biz.heraldcorp.com/view.php?ud=20221213000473
2022-12-14 12:42:17,492 Processed https://biz.heraldcorp.com/view.php?ud=20221213000467
2022-12-14 12:42:19,591 Processed https://biz.heraldcorp.com/view.php?ud=20221213000464
2022-12-14 12:42:21,698 Processed https://biz.heraldcorp.com/view.php?ud=20221213000434
2022-12-14 12:42:23,792 Processed https://biz.heraldcorp.com/view.php?ud=20221213000430
2022-12-14 12:42:25,912 Processed https://biz.heraldcorp.com/view.php?ud=20221213000416
2022-12-14 12:42:28,006 Processed https://biz.heraldcorp.com/view.php?ud=20221213000413
2022-12-14 12:42:30,110 Processed https://biz.heraldcorp.com/view.php?ud=20221213000331
2022-12-14 12:42:32,226 Processed https://biz.heraldcorp.com/view.php?ud=20221213000330
2022-12-14 12:42:34,338 Processed https://biz.heraldcorp.com/view.php?ud=20221213000325
2022-12-14 12:42:36,453 Processed https://biz.heraldcorp.com/view.php?ud=20221214000509
2022-12-14 12:42:38,564 Processed https://biz.heraldcorp.com/view.php?ud=20221213000280
2022-12-14 12:42:40,697 Processed https://biz.heraldcorp.com/view.php?ud=20221213000273
2022-12-14 12:42:42,789 Processed https://biz.heraldcorp.com/view.php?ud=20221213000269
2022-12-14 12:42:44,887 Processed https://biz.heraldcorp.com/view.php?ud=20221213000268
2022-12-14 12:42:46,984 Processed https://biz.heraldcorp.com/view.php?ud=20221213000267
2022-12-14 12:42:49,084 Processed https://biz.heraldcorp.com/view.php?ud=20221213000249
2022-12-14 12:42:51,200 Processed https://biz.heraldcorp.com/view.php?ud=20221213000233
2022-12-14 12:42:53,320 Processed https://biz.heraldcorp.com/view.php?ud=20221213000216
2022-12-14 12:42:55,424 Processed https://biz.heraldcorp.com/view.php?ud=20221213000184
2022-12-14 12:42:57,519 Processed https://biz.heraldcorp.com/view.php?ud=20221213000147
2022-12-14 12:42:59,617 Processed https://biz.heraldcorp.com/view.php?ud=20221214000509
2022-12-14 12:43:01,731 Processed https://biz.heraldcorp.com/view.php?ud=20221213000148
2022-12-14 12:43:03,851 Processed https://biz.heraldcorp.com/view.php?ud=20221213000146
2022-12-14 12:43:05,960 Processed https://biz.heraldcorp.com/view.php?ud=20221213000145
2022-12-14 12:43:08,053 Processed https://biz.heraldcorp.com/view.php?ud=20221213000136
2022-12-14 12:43:10,172 Processed https://biz.heraldcorp.com/view.php?ud=20221213000112
2022-12-14 12:43:12,269 Processed https://biz.heraldcorp.com/view.php?ud=20221213000109
2022-12-14 12:43:14,346 Processed https://biz.heraldcorp.com/view.php?ud=20221213000101
2022-12-14 12:43:16,470 Processed https://biz.heraldcorp.com/view.php?ud=20221213000100
2022-12-14 12:43:18,552 Processed https://biz.heraldcorp.com/view.php?ud=20221213000094
2022-12-14 12:43:20,661 Processed https://biz.heraldcorp.com/view.php?ud=20221213000095
2022-12-14 12:43:22,677 End Scraping
2022-12-14 12:43:22,677 -SCRAPPY end-
